[0:00:00 INFO]: 2025-08-11 00:21:35.094444
[0:00:00 INFO]: python -u examples/procgen_yrc.py --config configs/procgen_agent.yaml --mode train --type agent name=procgen_expert overwrite=1 device=0 env.train.distribution_mode=hard env.test.distribution_mode=hard algorithm.total_timesteps=25000000
[0:00:00 INFO]: Write log to experiments/procgen_expert/procgen_expert.train.log
[0:00:00 INFO]: name: procgen_expert
device: 0
seed: 10
env:
  name: procgen
  task: coinrun
  normalize_rew: false
  num_envs: 128
  num_threads: 8
  train:
    distribution_mode: hard
    seed: 0
    start_level: 0
    num_levels: 100000
  val_sim:
    distribution_mode: easy
    seed: 0
    start_level: 50000
    num_levels: 256
  val_true:
    distribution_mode: hard
    seed: 0
    start_level: 50000
    num_levels: 256
  test:
    distribution_mode: hard
    seed: 0
    start_level: 0
    num_levels: 100000
policy:
  name: ppo
  model:
    name: impala_ppo
  load_path: null
algorithm:
  name: ppo
  log_freq: 10
  save_freq: 0
  num_steps: 256
  total_timesteps: 25000000
  update_epochs: 3
  gamma: 0.999
  gae_lambda: 0.95
  num_minibatches: 8
  clip_coef: 0.2
  norm_adv: true
  clip_vloss: true
  vf_coef: 0.5
  ent_coef: 0.01
  max_grad_norm: 0.5
  learning_rate: 0.0005
  critic_pretrain_steps: 0
  anneal_lr: false
  log_action_id: 1
evaluation:
  num_episodes: 256
  max_num_steps: 256
  temperature: 1.0
  log_action_id: 1
eval_mode: null
eval_name: null
overwrite: true
use_wandb: false
experiment_dir: experiments/procgen_expert
train_novice: null
train_expert: null
test_novice: null
test_expert: null
coordination:
  expert_query_cost_weight: 0.4
  switch_agent_cost_weight: 0.0
  temperature: 1.0

[0:00:00 INFO]: Saved checkpoint to experiments/procgen_expert/last.ckpt
[0:00:00 INFO]: Evaluating on test split
[0:00:17 INFO]:    Steps:         60780
   Episode length: mean  237.42  min   34.00  max  256.00
   Reward:         mean 0.66 ± 0.31
   Base Reward:    mean 0.00 ± 0.00
   Action 1 fraction:    0.07

[0:00:17 INFO]: Saved checkpoint to experiments/procgen_expert/best_test.ckpt
[0:00:17 INFO]: BEST test so far
[0:00:17 INFO]:    Steps:         60780
   Episode length: mean  237.42  min   34.00  max  256.00
   Reward:         mean 0.66 ± 0.31
   Base Reward:    mean 0.00 ± 0.00
   Action 1 fraction:    0.07

[0:02:51 INFO]: Iteration 10
[0:02:51 INFO]: Train 327680 steps:
[0:02:52 INFO]: 
   Reward:      mean    4.29 ±    4.95
   Base Reward: mean    0.00 ±    0.00
   Loss:        pg_loss -0.0015  v_loss  0.6816  ent_loss -2.6518  loss  0.3128
   Others:      advantage -0.0000 ±  0.9999  value  0.6812 ±  0.5453
   Action 1 frac:    0.06
   Action prob:    0.07
[0:02:52 INFO]: Saved checkpoint to experiments/procgen_expert/last.ckpt
[0:02:52 INFO]: Evaluating on test split
[0:03:06 INFO]:    Steps:         27764
   Episode length: mean  108.45  min   22.00  max  256.00
   Reward:         mean 4.06 ± 0.60
   Base Reward:    mean 0.00 ± 0.00
   Action 1 fraction:    0.04

[0:03:06 INFO]: Saved checkpoint to experiments/procgen_expert/best_test.ckpt
[0:03:06 INFO]: BEST test so far
[0:03:06 INFO]:    Steps:         27764
   Episode length: mean  108.45  min   22.00  max  256.00
   Reward:         mean 4.06 ± 0.60
   Base Reward:    mean 0.00 ± 0.00
   Action 1 fraction:    0.04

[0:05:41 INFO]: Iteration 20
[0:05:41 INFO]: Train 655360 steps:
[0:05:41 INFO]: 
   Reward:      mean    4.70 ±    4.99
   Base Reward: mean    0.00 ±    0.00
   Loss:        pg_loss -0.0015  v_loss  1.0001  ent_loss -2.5755  loss  0.4728
   Others:      advantage -0.0000 ±  0.9999  value  1.1257 ±  1.2965
   Action 1 frac:    0.05
   Action prob:    0.08
[0:05:41 INFO]: Saved checkpoint to experiments/procgen_expert/last.ckpt
[0:05:41 INFO]: Evaluating on test split
[0:05:54 INFO]:    Steps:         18832
   Episode length: mean   73.56  min   18.00  max  256.00
   Reward:         mean 5.27 ± 0.61
   Base Reward:    mean 0.00 ± 0.00
   Action 1 fraction:    0.03

[0:05:54 INFO]: Saved checkpoint to experiments/procgen_expert/best_test.ckpt
[0:05:54 INFO]: BEST test so far
[0:05:54 INFO]:    Steps:         18832
   Episode length: mean   73.56  min   18.00  max  256.00
   Reward:         mean 5.27 ± 0.61
   Base Reward:    mean 0.00 ± 0.00
   Action 1 fraction:    0.03

[0:08:25 INFO]: Iteration 30
[0:08:25 INFO]: Train 983040 steps:
[0:08:25 INFO]: 
   Reward:      mean    4.94 ±    5.00
   Base Reward: mean    0.00 ±    0.00
   Loss:        pg_loss -0.0015  v_loss  1.2202  ent_loss -2.4880  loss  0.5838
   Others:      advantage -0.0000 ±  0.9999  value  1.7563 ±  2.0403
   Action 1 frac:    0.04
   Action prob:    0.10
[0:08:25 INFO]: Saved checkpoint to experiments/procgen_expert/last.ckpt
[0:08:25 INFO]: Evaluating on test split
[0:08:35 INFO]:    Steps:         16703
   Episode length: mean   65.25  min   17.00  max  197.00
   Reward:         mean 5.12 ± 0.61
   Base Reward:    mean 0.00 ± 0.00
   Action 1 fraction:    0.03

[0:08:35 INFO]: BEST test so far
[0:08:35 INFO]:    Steps:         18832
   Episode length: mean   73.56  min   18.00  max  256.00
   Reward:         mean 5.27 ± 0.61
   Base Reward:    mean 0.00 ± 0.00
   Action 1 fraction:    0.03

[0:11:06 INFO]: Iteration 40
[0:11:06 INFO]: Train 1310720 steps:
[0:11:07 INFO]: 
   Reward:      mean    5.12 ±    5.00
   Base Reward: mean    0.00 ±    0.00
   Loss:        pg_loss -0.0015  v_loss  1.3747  ent_loss -2.4225  loss  0.6616
   Others:      advantage -0.0000 ±  0.9999  value  2.2273 ±  2.4100
   Action 1 frac:    0.04
   Action prob:    0.11
[0:11:07 INFO]: Saved checkpoint to experiments/procgen_expert/last.ckpt
[0:11:07 INFO]: Evaluating on test split
[0:11:18 INFO]:    Steps:         14982
   Episode length: mean   58.52  min   16.00  max  196.00
   Reward:         mean 5.16 ± 0.61
   Base Reward:    mean 0.00 ± 0.00
   Action 1 fraction:    0.02

[0:11:18 INFO]: BEST test so far
[0:11:18 INFO]:    Steps:         18832
   Episode length: mean   73.56  min   18.00  max  256.00
   Reward:         mean 5.27 ± 0.61
   Base Reward:    mean 0.00 ± 0.00
   Action 1 fraction:    0.03

[0:13:57 INFO]: Iteration 50
[0:13:57 INFO]: Train 1638400 steps:
[0:13:58 INFO]: 
   Reward:      mean    5.25 ±    4.99
   Base Reward: mean    0.00 ±    0.00
   Loss:        pg_loss -0.0016  v_loss  1.4551  ent_loss -2.3861  loss  0.7021
   Others:      advantage -0.0000 ±  0.9999  value  2.5490 ±  2.5765
   Action 1 frac:    0.03
   Action prob:    0.12
[0:13:58 INFO]: Saved checkpoint to experiments/procgen_expert/last.ckpt
[0:13:58 INFO]: Evaluating on test split
[0:14:09 INFO]:    Steps:         14275
   Episode length: mean   55.76  min   14.00  max  192.00
   Reward:         mean 5.43 ± 0.61
   Base Reward:    mean 0.00 ± 0.00
   Action 1 fraction:    0.02

[0:14:09 INFO]: Saved checkpoint to experiments/procgen_expert/best_test.ckpt
[0:14:09 INFO]: BEST test so far
[0:14:09 INFO]:    Steps:         14275
   Episode length: mean   55.76  min   14.00  max  192.00
   Reward:         mean 5.43 ± 0.61
   Base Reward:    mean 0.00 ± 0.00
   Action 1 fraction:    0.02

[0:16:45 INFO]: Iteration 60
[0:16:45 INFO]: Train 1966080 steps:
[0:16:46 INFO]: 
   Reward:      mean    5.36 ±    4.99
   Base Reward: mean    0.00 ±    0.00
   Loss:        pg_loss -0.0013  v_loss  1.5626  ent_loss -2.3388  loss  0.7566
   Others:      advantage -0.0000 ±  0.9999  value  2.8480 ±  2.7417
   Action 1 frac:    0.03
   Action prob:    0.13
[0:16:46 INFO]: Saved checkpoint to experiments/procgen_expert/last.ckpt
[0:16:46 INFO]: Evaluating on test split
[0:16:56 INFO]:    Steps:         12644
   Episode length: mean   49.39  min   16.00  max  174.00
   Reward:         mean 5.78 ± 0.60
   Base Reward:    mean 0.00 ± 0.00
   Action 1 fraction:    0.02

[0:16:56 INFO]: Saved checkpoint to experiments/procgen_expert/best_test.ckpt
[0:16:56 INFO]: BEST test so far
[0:16:56 INFO]:    Steps:         12644
   Episode length: mean   49.39  min   16.00  max  174.00
   Reward:         mean 5.78 ± 0.60
   Base Reward:    mean 0.00 ± 0.00
   Action 1 fraction:    0.02

[0:19:29 INFO]: Iteration 70
[0:19:29 INFO]: Train 2293760 steps:
[0:19:30 INFO]: 
   Reward:      mean    5.42 ±    4.98
   Base Reward: mean    0.00 ±    0.00
   Loss:        pg_loss -0.0014  v_loss  1.6059  ent_loss -2.3037  loss  0.7785
   Others:      advantage -0.0000 ±  0.9999  value  3.0593 ±  2.8258
   Action 1 frac:    0.03
   Action prob:    0.14
[0:19:30 INFO]: Saved checkpoint to experiments/procgen_expert/last.ckpt
[0:19:30 INFO]: Evaluating on test split
[0:19:41 INFO]:    Steps:         14506
   Episode length: mean   56.66  min   17.00  max  204.00
   Reward:         mean 5.43 ± 0.61
   Base Reward:    mean 0.00 ± 0.00
   Action 1 fraction:    0.01

[0:19:41 INFO]: BEST test so far
[0:19:41 INFO]:    Steps:         12644
   Episode length: mean   49.39  min   16.00  max  174.00
   Reward:         mean 5.78 ± 0.60
   Base Reward:    mean 0.00 ± 0.00
   Action 1 fraction:    0.02

[0:22:13 INFO]: Iteration 80
[0:22:13 INFO]: Train 2621440 steps:
[0:22:15 INFO]: 
   Reward:      mean    5.45 ±    4.98
   Base Reward: mean    0.00 ±    0.00
   Loss:        pg_loss -0.0015  v_loss  1.6207  ent_loss -2.2927  loss  0.7860
   Others:      advantage -0.0000 ±  0.9999  value  3.1957 ±  2.8690
   Action 1 frac:    0.03
   Action prob:    0.15
[0:22:15 INFO]: Saved checkpoint to experiments/procgen_expert/last.ckpt
[0:22:15 INFO]: Evaluating on test split
[0:22:28 INFO]:    Steps:         14401
   Episode length: mean   56.25  min   16.00  max  256.00
   Reward:         mean 5.86 ± 0.60
   Base Reward:    mean 0.00 ± 0.00
   Action 1 fraction:    0.01

[0:22:28 INFO]: Saved checkpoint to experiments/procgen_expert/best_test.ckpt
[0:22:28 INFO]: BEST test so far
[0:22:28 INFO]:    Steps:         14401
   Episode length: mean   56.25  min   16.00  max  256.00
   Reward:         mean 5.86 ± 0.60
   Base Reward:    mean 0.00 ± 0.00
   Action 1 fraction:    0.01

[0:25:01 INFO]: Iteration 90
[0:25:01 INFO]: Train 2949120 steps:
[0:25:03 INFO]: 
   Reward:      mean    5.49 ±    4.98
   Base Reward: mean    0.00 ±    0.00
   Loss:        pg_loss -0.0017  v_loss  1.6228  ent_loss -2.2876  loss  0.7869
   Others:      advantage -0.0000 ±  0.9999  value  3.2845 ±  2.9067
   Action 1 frac:    0.02
   Action prob:    0.15
[0:25:03 INFO]: Saved checkpoint to experiments/procgen_expert/last.ckpt
[0:25:03 INFO]: Evaluating on test split
[0:25:15 INFO]:    Steps:         15983
   Episode length: mean   62.43  min   18.00  max  256.00
   Reward:         mean 5.51 ± 0.61
   Base Reward:    mean 0.00 ± 0.00
   Action 1 fraction:    0.02

[0:25:15 INFO]: BEST test so far
[0:25:15 INFO]:    Steps:         14401
   Episode length: mean   56.25  min   16.00  max  256.00
   Reward:         mean 5.86 ± 0.60
   Base Reward:    mean 0.00 ± 0.00
   Action 1 fraction:    0.01

[0:27:48 INFO]: Iteration 100
[0:27:48 INFO]: Train 3276800 steps:
[0:27:50 INFO]: 
   Reward:      mean    5.54 ±    4.97
   Base Reward: mean    0.00 ±    0.00
   Loss:        pg_loss -0.0019  v_loss  1.6207  ent_loss -2.2846  loss  0.7856
   Others:      advantage -0.0000 ±  0.9999  value  3.3608 ±  2.9413
   Action 1 frac:    0.02
   Action prob:    0.15
[0:27:50 INFO]: Saved checkpoint to experiments/procgen_expert/last.ckpt
[0:27:50 INFO]: Evaluating on test split
[0:28:06 INFO]:    Steps:         16338
   Episode length: mean   63.82  min   16.00  max  256.00
   Reward:         mean 5.16 ± 0.61
   Base Reward:    mean 0.00 ± 0.00
   Action 1 fraction:    0.02

[0:28:06 INFO]: BEST test so far
[0:28:06 INFO]:    Steps:         14401
   Episode length: mean   56.25  min   16.00  max  256.00
   Reward:         mean 5.86 ± 0.60
   Base Reward:    mean 0.00 ± 0.00
   Action 1 fraction:    0.01

[0:30:37 INFO]: Iteration 110
[0:30:37 INFO]: Train 3604480 steps:
[0:30:40 INFO]: 
   Reward:      mean    5.59 ±    4.97
   Base Reward: mean    0.00 ±    0.00
   Loss:        pg_loss -0.0021  v_loss  1.6327  ent_loss -2.2761  loss  0.7915
   Others:      advantage -0.0000 ±  0.9999  value  3.4653 ±  2.9787
   Action 1 frac:    0.02
   Action prob:    0.15
[0:30:40 INFO]: Saved checkpoint to experiments/procgen_expert/last.ckpt
[0:30:40 INFO]: Evaluating on test split
[0:30:52 INFO]:    Steps:         16012
   Episode length: mean   62.55  min   17.00  max  256.00
   Reward:         mean 6.48 ± 0.58
   Base Reward:    mean 0.00 ± 0.00
   Action 1 fraction:    0.03

[0:30:52 INFO]: Saved checkpoint to experiments/procgen_expert/best_test.ckpt
[0:30:52 INFO]: BEST test so far
[0:30:52 INFO]:    Steps:         16012
   Episode length: mean   62.55  min   17.00  max  256.00
   Reward:         mean 6.48 ± 0.58
   Base Reward:    mean 0.00 ± 0.00
   Action 1 fraction:    0.03

[0:33:23 INFO]: Iteration 120
[0:33:23 INFO]: Train 3932160 steps:
[0:33:26 INFO]: 
   Reward:      mean    5.64 ±    4.96
   Base Reward: mean    0.00 ±    0.00
   Loss:        pg_loss -0.0022  v_loss  1.6374  ent_loss -2.2668  loss  0.7939
   Others:      advantage -0.0000 ±  0.9999  value  3.5468 ±  2.9978
   Action 1 frac:    0.02
   Action prob:    0.15
[0:33:26 INFO]: Saved checkpoint to experiments/procgen_expert/last.ckpt
[0:33:26 INFO]: Evaluating on test split
[0:33:40 INFO]:    Steps:         17145
   Episode length: mean   66.97  min   17.00  max  256.00
   Reward:         mean 6.64 ± 0.58
   Base Reward:    mean 0.00 ± 0.00
   Action 1 fraction:    0.02

[0:33:40 INFO]: Saved checkpoint to experiments/procgen_expert/best_test.ckpt
[0:33:40 INFO]: BEST test so far
[0:33:40 INFO]:    Steps:         17145
   Episode length: mean   66.97  min   17.00  max  256.00
   Reward:         mean 6.64 ± 0.58
   Base Reward:    mean 0.00 ± 0.00
   Action 1 fraction:    0.02

[0:36:11 INFO]: Iteration 130
[0:36:11 INFO]: Train 4259840 steps:
[0:36:13 INFO]: 
   Reward:      mean    5.71 ±    4.95
   Base Reward: mean    0.00 ±    0.00
   Loss:        pg_loss -0.0023  v_loss  1.6465  ent_loss -2.2562  loss  0.7984
   Others:      advantage -0.0000 ±  0.9999  value  3.6108 ±  3.0160
   Action 1 frac:    0.02
   Action prob:    0.16
[0:36:14 INFO]: Saved checkpoint to experiments/procgen_expert/last.ckpt
[0:36:14 INFO]: Evaluating on test split
[0:36:26 INFO]:    Steps:         16480
   Episode length: mean   64.38  min   16.00  max  243.00
   Reward:         mean 5.98 ± 0.60
   Base Reward:    mean 0.00 ± 0.00
   Action 1 fraction:    0.02

[0:36:26 INFO]: BEST test so far
[0:36:26 INFO]:    Steps:         17145
   Episode length: mean   66.97  min   17.00  max  256.00
   Reward:         mean 6.64 ± 0.58
   Base Reward:    mean 0.00 ± 0.00
   Action 1 fraction:    0.02

[0:38:58 INFO]: Iteration 140
[0:38:58 INFO]: Train 4587520 steps:
[0:39:01 INFO]: 
   Reward:      mean    5.77 ±    4.94
   Base Reward: mean    0.00 ±    0.00
   Loss:        pg_loss -0.0024  v_loss  1.6551  ent_loss -2.2421  loss  0.8027
   Others:      advantage -0.0000 ±  0.9999  value  3.6986 ±  3.0270
   Action 1 frac:    0.02
   Action prob:    0.16
[0:39:01 INFO]: Saved checkpoint to experiments/procgen_expert/last.ckpt
[0:39:01 INFO]: Evaluating on test split
[0:39:12 INFO]:    Steps:         16487
   Episode length: mean   64.40  min   17.00  max  216.00
   Reward:         mean 6.56 ± 0.58
   Base Reward:    mean 0.00 ± 0.00
   Action 1 fraction:    0.02

[0:39:12 INFO]: BEST test so far
[0:39:12 INFO]:    Steps:         17145
   Episode length: mean   66.97  min   17.00  max  256.00
   Reward:         mean 6.64 ± 0.58
   Base Reward:    mean 0.00 ± 0.00
   Action 1 fraction:    0.02

[0:41:48 INFO]: Iteration 150
[0:41:48 INFO]: Train 4915200 steps:
[0:41:51 INFO]: 
   Reward:      mean    5.84 ±    4.93
   Base Reward: mean    0.00 ±    0.00
   Loss:        pg_loss -0.0025  v_loss  1.6592  ent_loss -2.2271  loss  0.8048
   Others:      advantage -0.0000 ±  0.9999  value  3.7792 ±  3.0302
   Action 1 frac:    0.02
   Action prob:    0.17
[0:41:51 INFO]: Saved checkpoint to experiments/procgen_expert/last.ckpt
[0:41:51 INFO]: Evaluating on test split
[0:42:03 INFO]:    Steps:         16019
   Episode length: mean   62.57  min   16.00  max  218.00
   Reward:         mean 6.64 ± 0.58
   Base Reward:    mean 0.00 ± 0.00
   Action 1 fraction:    0.03

[0:42:03 INFO]: BEST test so far
[0:42:03 INFO]:    Steps:         17145
   Episode length: mean   66.97  min   17.00  max  256.00
   Reward:         mean 6.64 ± 0.58
   Base Reward:    mean 0.00 ± 0.00
   Action 1 fraction:    0.02

[0:44:35 INFO]: Iteration 160
[0:44:35 INFO]: Train 5242880 steps:
[0:44:38 INFO]: 
   Reward:      mean    5.90 ±    4.92
   Base Reward: mean    0.00 ±    0.00
   Loss:        pg_loss -0.0027  v_loss  1.6682  ent_loss -2.2144  loss  0.8093
   Others:      advantage -0.0000 ±  0.9999  value  3.8695 ±  3.0393
   Action 1 frac:    0.02
   Action prob:    0.17
[0:44:38 INFO]: Saved checkpoint to experiments/procgen_expert/last.ckpt
[0:44:38 INFO]: Evaluating on test split
[0:44:51 INFO]:    Steps:         14759
   Episode length: mean   57.65  min   16.00  max  256.00
   Reward:         mean 6.84 ± 0.57
   Base Reward:    mean 0.00 ± 0.00
   Action 1 fraction:    0.02

[0:44:51 INFO]: Saved checkpoint to experiments/procgen_expert/best_test.ckpt
[0:44:51 INFO]: BEST test so far
[0:44:51 INFO]:    Steps:         14759
   Episode length: mean   57.65  min   16.00  max  256.00
   Reward:         mean 6.84 ± 0.57
   Base Reward:    mean 0.00 ± 0.00
   Action 1 fraction:    0.02

[0:47:20 INFO]: Iteration 170
[0:47:20 INFO]: Train 5570560 steps:
[0:47:24 INFO]: 
   Reward:      mean    5.96 ±    4.91
   Base Reward: mean    0.00 ±    0.00
   Loss:        pg_loss -0.0028  v_loss  1.6759  ent_loss -2.2019  loss  0.8132
   Others:      advantage -0.0000 ±  0.9999  value  3.9510 ±  3.0406
   Action 1 frac:    0.02
   Action prob:    0.17
[0:47:24 INFO]: Saved checkpoint to experiments/procgen_expert/last.ckpt
[0:47:24 INFO]: Evaluating on test split
[0:47:36 INFO]:    Steps:         16376
   Episode length: mean   63.97  min   16.00  max  230.00
   Reward:         mean 7.27 ± 0.55
   Base Reward:    mean 0.00 ± 0.00
   Action 1 fraction:    0.03

[0:47:36 INFO]: Saved checkpoint to experiments/procgen_expert/best_test.ckpt
[0:47:36 INFO]: BEST test so far
[0:47:36 INFO]:    Steps:         16376
   Episode length: mean   63.97  min   16.00  max  230.00
   Reward:         mean 7.27 ± 0.55
   Base Reward:    mean 0.00 ± 0.00
   Action 1 fraction:    0.03

[0:50:06 INFO]: Iteration 180
[0:50:06 INFO]: Train 5898240 steps:
[0:50:10 INFO]: 
   Reward:      mean    6.01 ±    4.90
   Base Reward: mean    0.00 ±    0.00
   Loss:        pg_loss -0.0029  v_loss  1.6749  ent_loss -2.1922  loss  0.8126
   Others:      advantage -0.0000 ±  0.9999  value  4.0164 ±  3.0371
   Action 1 frac:    0.02
   Action prob:    0.18
[0:50:10 INFO]: Saved checkpoint to experiments/procgen_expert/last.ckpt
[0:50:10 INFO]: Evaluating on test split
[0:50:24 INFO]:    Steps:         15035
   Episode length: mean   58.73  min   16.00  max  256.00
   Reward:         mean 6.84 ± 0.57
   Base Reward:    mean 0.00 ± 0.00
   Action 1 fraction:    0.02

[0:50:24 INFO]: BEST test so far
[0:50:24 INFO]:    Steps:         16376
   Episode length: mean   63.97  min   16.00  max  230.00
   Reward:         mean 7.27 ± 0.55
   Base Reward:    mean 0.00 ± 0.00
   Action 1 fraction:    0.03

[0:52:57 INFO]: Iteration 190
[0:52:57 INFO]: Train 6225920 steps:
[0:53:01 INFO]: 
   Reward:      mean    6.07 ±    4.89
   Base Reward: mean    0.00 ±    0.00
   Loss:        pg_loss -0.0030  v_loss  1.6753  ent_loss -2.1839  loss  0.8128
   Others:      advantage -0.0000 ±  0.9999  value  4.0795 ±  3.0343
   Action 1 frac:    0.02
   Action prob:    0.18
[0:53:01 INFO]: Saved checkpoint to experiments/procgen_expert/last.ckpt
[0:53:01 INFO]: Evaluating on test split
[0:53:15 INFO]:    Steps:         17975
   Episode length: mean   70.21  min   19.00  max  256.00
   Reward:         mean 6.80 ± 0.57
   Base Reward:    mean 0.00 ± 0.00
   Action 1 fraction:    0.02

[0:53:15 INFO]: BEST test so far
[0:53:15 INFO]:    Steps:         16376
   Episode length: mean   63.97  min   16.00  max  230.00
   Reward:         mean 7.27 ± 0.55
   Base Reward:    mean 0.00 ± 0.00
   Action 1 fraction:    0.03

[0:55:48 INFO]: Iteration 200
[0:55:48 INFO]: Train 6553600 steps:
[0:55:52 INFO]: 
   Reward:      mean    6.10 ±    4.88
   Base Reward: mean    0.00 ±    0.00
   Loss:        pg_loss -0.0031  v_loss  1.6784  ent_loss -2.1764  loss  0.8143
   Others:      advantage -0.0000 ±  0.9999  value  4.1538 ±  3.0323
   Action 1 frac:    0.02
   Action prob:    0.18
[0:55:52 INFO]: Saved checkpoint to experiments/procgen_expert/last.ckpt
[0:55:52 INFO]: Evaluating on test split
[0:56:05 INFO]:    Steps:         16574
   Episode length: mean   64.74  min   15.00  max  256.00
   Reward:         mean 7.23 ± 0.55
   Base Reward:    mean 0.00 ± 0.00
   Action 1 fraction:    0.03

[0:56:05 INFO]: BEST test so far
[0:56:05 INFO]:    Steps:         16376
   Episode length: mean   63.97  min   16.00  max  230.00
   Reward:         mean 7.27 ± 0.55
   Base Reward:    mean 0.00 ± 0.00
   Action 1 fraction:    0.03

[0:58:38 INFO]: Iteration 210
[0:58:38 INFO]: Train 6881280 steps:
[0:58:42 INFO]: 
   Reward:      mean    6.15 ±    4.87
   Base Reward: mean    0.00 ±    0.00
   Loss:        pg_loss -0.0032  v_loss  1.6798  ent_loss -2.1684  loss  0.8150
   Others:      advantage -0.0000 ±  0.9999  value  4.2165 ±  3.0272
   Action 1 frac:    0.02
   Action prob:    0.18
[0:58:42 INFO]: Saved checkpoint to experiments/procgen_expert/last.ckpt
[0:58:42 INFO]: Evaluating on test split
[0:58:56 INFO]:    Steps:         17464
   Episode length: mean   68.22  min   16.00  max  256.00
   Reward:         mean 7.11 ± 0.56
   Base Reward:    mean 0.00 ± 0.00
   Action 1 fraction:    0.03

[0:58:56 INFO]: BEST test so far
[0:58:56 INFO]:    Steps:         16376
   Episode length: mean   63.97  min   16.00  max  230.00
   Reward:         mean 7.27 ± 0.55
   Base Reward:    mean 0.00 ± 0.00
   Action 1 fraction:    0.03

[1:01:29 INFO]: Iteration 220
[1:01:29 INFO]: Train 7208960 steps:
[1:01:34 INFO]: 
   Reward:      mean    6.19 ±    4.86
   Base Reward: mean    0.00 ±    0.00
   Loss:        pg_loss -0.0033  v_loss  1.6747  ent_loss -2.1644  loss  0.8124
   Others:      advantage -0.0000 ±  0.9999  value  4.2660 ±  3.0201
   Action 1 frac:    0.02
   Action prob:    0.18
[1:01:34 INFO]: Saved checkpoint to experiments/procgen_expert/last.ckpt
[1:01:34 INFO]: Evaluating on test split
[1:01:49 INFO]:    Steps:         18837
   Episode length: mean   73.58  min   16.00  max  256.00
   Reward:         mean 6.72 ± 0.58
   Base Reward:    mean 0.00 ± 0.00
   Action 1 fraction:    0.03

[1:01:49 INFO]: BEST test so far
[1:01:49 INFO]:    Steps:         16376
   Episode length: mean   63.97  min   16.00  max  230.00
   Reward:         mean 7.27 ± 0.55
   Base Reward:    mean 0.00 ± 0.00
   Action 1 fraction:    0.03

[1:04:21 INFO]: Iteration 230
[1:04:21 INFO]: Train 7536640 steps:
[1:04:25 INFO]: 
   Reward:      mean    6.22 ±    4.85
   Base Reward: mean    0.00 ±    0.00
   Loss:        pg_loss -0.0035  v_loss  1.6649  ent_loss -2.1638  loss  0.8074
   Others:      advantage -0.0000 ±  0.9999  value  4.2909 ±  3.0078
   Action 1 frac:    0.03
   Action prob:    0.18
[1:04:25 INFO]: Saved checkpoint to experiments/procgen_expert/last.ckpt
[1:04:25 INFO]: Evaluating on test split
[1:04:39 INFO]:    Steps:         17421
   Episode length: mean   68.05  min   19.00  max  256.00
   Reward:         mean 6.88 ± 0.57
   Base Reward:    mean 0.00 ± 0.00
   Action 1 fraction:    0.03

[1:04:39 INFO]: BEST test so far
[1:04:39 INFO]:    Steps:         16376
   Episode length: mean   63.97  min   16.00  max  230.00
   Reward:         mean 7.27 ± 0.55
   Base Reward:    mean 0.00 ± 0.00
   Action 1 fraction:    0.03

[1:07:10 INFO]: Iteration 240
[1:07:10 INFO]: Train 7864320 steps:
[1:07:15 INFO]: 
   Reward:      mean    6.24 ±    4.84
   Base Reward: mean    0.00 ±    0.00
   Loss:        pg_loss -0.0036  v_loss  1.6596  ent_loss -2.1625  loss  0.8046
   Others:      advantage -0.0000 ±  0.9999  value  4.3112 ±  2.9985
   Action 1 frac:    0.03
   Action prob:    0.18
[1:07:15 INFO]: Saved checkpoint to experiments/procgen_expert/last.ckpt
[1:07:15 INFO]: Evaluating on test split
[1:07:28 INFO]:    Steps:         17139
   Episode length: mean   66.95  min   19.00  max  241.00
   Reward:         mean 6.99 ± 0.56
   Base Reward:    mean 0.00 ± 0.00
   Action 1 fraction:    0.02

[1:07:28 INFO]: BEST test so far
[1:07:28 INFO]:    Steps:         16376
   Episode length: mean   63.97  min   16.00  max  230.00
   Reward:         mean 7.27 ± 0.55
   Base Reward:    mean 0.00 ± 0.00
   Action 1 fraction:    0.03

[1:09:46 INFO]: Iteration 250
[1:09:46 INFO]: Train 8192000 steps:
[1:09:51 INFO]: 
   Reward:      mean    6.27 ±    4.83
   Base Reward: mean    0.00 ±    0.00
   Loss:        pg_loss -0.0037  v_loss  1.6593  ent_loss -2.1592  loss  0.8044
   Others:      advantage -0.0000 ±  0.9999  value  4.3443 ±  2.9946
   Action 1 frac:    0.02
   Action prob:    0.19
[1:09:51 INFO]: Saved checkpoint to experiments/procgen_expert/last.ckpt
[1:09:51 INFO]: Evaluating on test split
[1:10:03 INFO]:    Steps:         15384
   Episode length: mean   60.09  min   18.00  max  256.00
   Reward:         mean 6.91 ± 0.57
   Base Reward:    mean 0.00 ± 0.00
   Action 1 fraction:    0.02

[1:10:03 INFO]: BEST test so far
[1:10:03 INFO]:    Steps:         16376
   Episode length: mean   63.97  min   16.00  max  230.00
   Reward:         mean 7.27 ± 0.55
   Base Reward:    mean 0.00 ± 0.00
   Action 1 fraction:    0.03

[1:11:39 INFO]: Iteration 260
[1:11:39 INFO]: Train 8519680 steps:
[1:11:44 INFO]: 
   Reward:      mean    6.30 ±    4.83
   Base Reward: mean    0.00 ±    0.00
   Loss:        pg_loss -0.0038  v_loss  1.6584  ent_loss -2.1552  loss  0.8039
   Others:      advantage -0.0000 ±  0.9999  value  4.3800 ±  2.9907
   Action 1 frac:    0.02
   Action prob:    0.19
[1:11:44 INFO]: Saved checkpoint to experiments/procgen_expert/last.ckpt
[1:11:44 INFO]: Evaluating on test split
[1:11:57 INFO]:    Steps:         18107
   Episode length: mean   70.73  min   16.00  max  256.00
   Reward:         mean 7.27 ± 0.55
   Base Reward:    mean 0.00 ± 0.00
   Action 1 fraction:    0.02

[1:11:57 INFO]: BEST test so far
[1:11:57 INFO]:    Steps:         16376
   Episode length: mean   63.97  min   16.00  max  230.00
   Reward:         mean 7.27 ± 0.55
   Base Reward:    mean 0.00 ± 0.00
   Action 1 fraction:    0.03

[1:14:03 INFO]: Iteration 270
[1:14:03 INFO]: Train 8847360 steps:
[1:14:09 INFO]: 
   Reward:      mean    6.34 ±    4.82
   Base Reward: mean    0.00 ±    0.00
   Loss:        pg_loss -0.0039  v_loss  1.6588  ent_loss -2.1494  loss  0.8040
   Others:      advantage -0.0000 ±  0.9999  value  4.4170 ±  2.9887
   Action 1 frac:    0.02
   Action prob:    0.19
[1:14:09 INFO]: Saved checkpoint to experiments/procgen_expert/last.ckpt
[1:14:09 INFO]: Evaluating on test split
[1:14:22 INFO]:    Steps:         17686
   Episode length: mean   69.09  min   14.00  max  256.00
   Reward:         mean 7.03 ± 0.56
   Base Reward:    mean 0.00 ± 0.00
   Action 1 fraction:    0.02

[1:14:22 INFO]: BEST test so far
[1:14:22 INFO]:    Steps:         16376
   Episode length: mean   63.97  min   16.00  max  230.00
   Reward:         mean 7.27 ± 0.55
   Base Reward:    mean 0.00 ± 0.00
   Action 1 fraction:    0.03

[1:16:41 INFO]: Iteration 280
[1:16:41 INFO]: Train 9175040 steps:
[1:16:47 INFO]: 
   Reward:      mean    6.37 ±    4.81
   Base Reward: mean    0.00 ±    0.00
   Loss:        pg_loss -0.0040  v_loss  1.6583  ent_loss -2.1434  loss  0.8037
   Others:      advantage -0.0000 ±  0.9999  value  4.4491 ±  2.9838
   Action 1 frac:    0.02
   Action prob:    0.19
[1:16:47 INFO]: Saved checkpoint to experiments/procgen_expert/last.ckpt
[1:16:47 INFO]: Evaluating on test split
[1:17:01 INFO]:    Steps:         16401
   Episode length: mean   64.07  min   15.00  max  256.00
   Reward:         mean 7.30 ± 0.54
   Base Reward:    mean 0.00 ± 0.00
   Action 1 fraction:    0.02

[1:17:01 INFO]: Saved checkpoint to experiments/procgen_expert/best_test.ckpt
[1:17:01 INFO]: BEST test so far
[1:17:01 INFO]:    Steps:         16401
   Episode length: mean   64.07  min   15.00  max  256.00
   Reward:         mean 7.30 ± 0.54
   Base Reward:    mean 0.00 ± 0.00
   Action 1 fraction:    0.02

[1:19:31 INFO]: Iteration 290
[1:19:31 INFO]: Train 9502720 steps:
[1:19:37 INFO]: 
   Reward:      mean    6.40 ±    4.80
   Base Reward: mean    0.00 ±    0.00
   Loss:        pg_loss -0.0041  v_loss  1.6584  ent_loss -2.1376  loss  0.8038
   Others:      advantage -0.0000 ±  0.9999  value  4.4848 ±  2.9795
   Action 1 frac:    0.02
   Action prob:    0.19
[1:19:37 INFO]: Saved checkpoint to experiments/procgen_expert/last.ckpt
[1:19:37 INFO]: Evaluating on test split
[1:19:50 INFO]:    Steps:         16868
   Episode length: mean   65.89  min   15.00  max  256.00
   Reward:         mean 7.42 ± 0.54
   Base Reward:    mean 0.00 ± 0.00
   Action 1 fraction:    0.01

[1:19:50 INFO]: Saved checkpoint to experiments/procgen_expert/best_test.ckpt
[1:19:50 INFO]: BEST test so far
[1:19:50 INFO]:    Steps:         16868
   Episode length: mean   65.89  min   15.00  max  256.00
   Reward:         mean 7.42 ± 0.54
   Base Reward:    mean 0.00 ± 0.00
   Action 1 fraction:    0.01

[1:22:15 INFO]: Iteration 300
[1:22:15 INFO]: Train 9830400 steps:
[1:22:21 INFO]: 
   Reward:      mean    6.43 ±    4.79
   Base Reward: mean    0.00 ±    0.00
   Loss:        pg_loss -0.0042  v_loss  1.6573  ent_loss -2.1326  loss  0.8031
   Others:      advantage -0.0000 ±  0.9999  value  4.5169 ±  2.9747
   Action 1 frac:    0.02
   Action prob:    0.19
[1:22:21 INFO]: Saved checkpoint to experiments/procgen_expert/last.ckpt
[1:22:21 INFO]: Evaluating on test split
[1:22:33 INFO]:    Steps:         18112
   Episode length: mean   70.75  min   15.00  max  256.00
   Reward:         mean 6.84 ± 0.57
   Base Reward:    mean 0.00 ± 0.00
   Action 1 fraction:    0.02

[1:22:33 INFO]: BEST test so far
[1:22:33 INFO]:    Steps:         16868
   Episode length: mean   65.89  min   15.00  max  256.00
   Reward:         mean 7.42 ± 0.54
   Base Reward:    mean 0.00 ± 0.00
   Action 1 fraction:    0.01

[1:24:34 INFO]: Iteration 310
[1:24:34 INFO]: Train 10158080 steps:
[1:24:40 INFO]: 
   Reward:      mean    6.46 ±    4.78
   Base Reward: mean    0.00 ±    0.00
   Loss:        pg_loss -0.0043  v_loss  1.6564  ent_loss -2.1273  loss  0.8027
   Others:      advantage  0.0000 ±  0.9999  value  4.5488 ±  2.9718
   Action 1 frac:    0.02
   Action prob:    0.19
[1:24:40 INFO]: Saved checkpoint to experiments/procgen_expert/last.ckpt
[1:24:40 INFO]: Evaluating on test split
[1:24:50 INFO]:    Steps:         17542
   Episode length: mean   68.52  min   16.00  max  256.00
   Reward:         mean 7.46 ± 0.53
   Base Reward:    mean 0.00 ± 0.00
   Action 1 fraction:    0.03

[1:24:50 INFO]: Saved checkpoint to experiments/procgen_expert/best_test.ckpt
[1:24:50 INFO]: BEST test so far
[1:24:50 INFO]:    Steps:         17542
   Episode length: mean   68.52  min   16.00  max  256.00
   Reward:         mean 7.46 ± 0.53
   Base Reward:    mean 0.00 ± 0.00
   Action 1 fraction:    0.03

[1:26:08 INFO]: Iteration 320
[1:26:08 INFO]: Train 10485760 steps:
[1:26:14 INFO]: 
   Reward:      mean    6.49 ±    4.77
   Base Reward: mean    0.00 ±    0.00
   Loss:        pg_loss -0.0043  v_loss  1.6556  ent_loss -2.1227  loss  0.8022
   Others:      advantage -0.0000 ±  0.9999  value  4.5798 ±  2.9674
   Action 1 frac:    0.02
   Action prob:    0.20
[1:26:14 INFO]: Saved checkpoint to experiments/procgen_expert/last.ckpt
[1:26:14 INFO]: Evaluating on test split
[1:26:23 INFO]:    Steps:         17742
   Episode length: mean   69.30  min   16.00  max  256.00
   Reward:         mean 6.91 ± 0.57
   Base Reward:    mean 0.00 ± 0.00
   Action 1 fraction:    0.03

[1:26:23 INFO]: BEST test so far
[1:26:23 INFO]:    Steps:         17542
   Episode length: mean   68.52  min   16.00  max  256.00
   Reward:         mean 7.46 ± 0.53
   Base Reward:    mean 0.00 ± 0.00
   Action 1 fraction:    0.03

[1:27:41 INFO]: Iteration 330
[1:27:41 INFO]: Train 10813440 steps:
[1:27:48 INFO]: 
   Reward:      mean    6.51 ±    4.77
   Base Reward: mean    0.00 ±    0.00
   Loss:        pg_loss -0.0044  v_loss  1.6525  ent_loss -2.1195  loss  0.8006
   Others:      advantage -0.0000 ±  0.9999  value  4.6023 ±  2.9611
   Action 1 frac:    0.02
   Action prob:    0.20
[1:27:48 INFO]: Saved checkpoint to experiments/procgen_expert/last.ckpt
[1:27:48 INFO]: Evaluating on test split
[1:27:57 INFO]:    Steps:         17297
   Episode length: mean   67.57  min   15.00  max  256.00
   Reward:         mean 7.38 ± 0.54
   Base Reward:    mean 0.00 ± 0.00
   Action 1 fraction:    0.03

[1:27:57 INFO]: BEST test so far
[1:27:57 INFO]:    Steps:         17542
   Episode length: mean   68.52  min   16.00  max  256.00
   Reward:         mean 7.46 ± 0.53
   Base Reward:    mean 0.00 ± 0.00
   Action 1 fraction:    0.03

[1:29:17 INFO]: Iteration 340
[1:29:17 INFO]: Train 11141120 steps:
[1:29:24 INFO]: 
   Reward:      mean    6.54 ±    4.76
   Base Reward: mean    0.00 ±    0.00
   Loss:        pg_loss -0.0045  v_loss  1.6510  ent_loss -2.1161  loss  0.7998
   Others:      advantage -0.0000 ±  0.9999  value  4.6260 ±  2.9563
   Action 1 frac:    0.02
   Action prob:    0.20
[1:29:24 INFO]: Saved checkpoint to experiments/procgen_expert/last.ckpt
[1:29:24 INFO]: Evaluating on test split
[1:29:38 INFO]:    Steps:         19130
   Episode length: mean   74.73  min   17.00  max  256.00
   Reward:         mean 7.46 ± 0.53
   Base Reward:    mean 0.00 ± 0.00
   Action 1 fraction:    0.03

[1:29:38 INFO]: BEST test so far
[1:29:38 INFO]:    Steps:         17542
   Episode length: mean   68.52  min   16.00  max  256.00
   Reward:         mean 7.46 ± 0.53
   Base Reward:    mean 0.00 ± 0.00
   Action 1 fraction:    0.03

[1:31:27 INFO]: Iteration 350
[1:31:27 INFO]: Train 11468800 steps:
[1:31:34 INFO]: 
   Reward:      mean    6.56 ±    4.75
   Base Reward: mean    0.00 ±    0.00
   Loss:        pg_loss -0.0046  v_loss  1.6476  ent_loss -2.1132  loss  0.7981
   Others:      advantage -0.0000 ±  0.9999  value  4.6423 ±  2.9526
   Action 1 frac:    0.02
   Action prob:    0.20
[1:31:34 INFO]: Saved checkpoint to experiments/procgen_expert/last.ckpt
[1:31:34 INFO]: Evaluating on test split
[1:31:44 INFO]:    Steps:         18000
   Episode length: mean   70.31  min   17.00  max  256.00
   Reward:         mean 7.30 ± 0.54
   Base Reward:    mean 0.00 ± 0.00
   Action 1 fraction:    0.04

[1:31:44 INFO]: BEST test so far
[1:31:44 INFO]:    Steps:         17542
   Episode length: mean   68.52  min   16.00  max  256.00
   Reward:         mean 7.46 ± 0.53
   Base Reward:    mean 0.00 ± 0.00
   Action 1 fraction:    0.03

[1:33:38 INFO]: Iteration 360
[1:33:38 INFO]: Train 11796480 steps:
[1:33:45 INFO]: 
   Reward:      mean    6.59 ±    4.74
   Base Reward: mean    0.00 ±    0.00
   Loss:        pg_loss -0.0047  v_loss  1.6450  ent_loss -2.1097  loss  0.7967
   Others:      advantage -0.0000 ±  0.9999  value  4.6607 ±  2.9495
   Action 1 frac:    0.03
   Action prob:    0.20
[1:33:45 INFO]: Saved checkpoint to experiments/procgen_expert/last.ckpt
[1:33:45 INFO]: Evaluating on test split
[1:33:58 INFO]:    Steps:         17896
   Episode length: mean   69.91  min   16.00  max  256.00
   Reward:         mean 7.38 ± 0.54
   Base Reward:    mean 0.00 ± 0.00
   Action 1 fraction:    0.04

[1:33:58 INFO]: BEST test so far
[1:33:58 INFO]:    Steps:         17542
   Episode length: mean   68.52  min   16.00  max  256.00
   Reward:         mean 7.46 ± 0.53
   Base Reward:    mean 0.00 ± 0.00
   Action 1 fraction:    0.03

[1:36:11 INFO]: Iteration 370
[1:36:11 INFO]: Train 12124160 steps:
[1:36:19 INFO]: 
   Reward:      mean    6.61 ±    4.73
   Base Reward: mean    0.00 ±    0.00
   Loss:        pg_loss -0.0047  v_loss  1.6415  ent_loss -2.1072  loss  0.7949
   Others:      advantage -0.0000 ±  0.9999  value  4.6759 ±  2.9444
   Action 1 frac:    0.03
   Action prob:    0.20
[1:36:19 INFO]: Saved checkpoint to experiments/procgen_expert/last.ckpt
[1:36:19 INFO]: Evaluating on test split
[1:36:30 INFO]:    Steps:         17632
   Episode length: mean   68.88  min   18.00  max  256.00
   Reward:         mean 7.50 ± 0.53
   Base Reward:    mean 0.00 ± 0.00
   Action 1 fraction:    0.03

[1:36:30 INFO]: Saved checkpoint to experiments/procgen_expert/best_test.ckpt
[1:36:30 INFO]: BEST test so far
[1:36:30 INFO]:    Steps:         17632
   Episode length: mean   68.88  min   18.00  max  256.00
   Reward:         mean 7.50 ± 0.53
   Base Reward:    mean 0.00 ± 0.00
   Action 1 fraction:    0.03

[1:38:46 INFO]: Iteration 380
[1:38:46 INFO]: Train 12451840 steps:
[1:38:54 INFO]: 
   Reward:      mean    6.63 ±    4.73
   Base Reward: mean    0.00 ±    0.00
   Loss:        pg_loss -0.0048  v_loss  1.6399  ent_loss -2.1043  loss  0.7941
   Others:      advantage -0.0000 ±  0.9999  value  4.6931 ±  2.9394
   Action 1 frac:    0.03
   Action prob:    0.20
[1:38:54 INFO]: Saved checkpoint to experiments/procgen_expert/last.ckpt
[1:38:54 INFO]: Evaluating on test split
[1:39:06 INFO]:    Steps:         18845
   Episode length: mean   73.61  min   17.00  max  256.00
   Reward:         mean 7.42 ± 0.54
   Base Reward:    mean 0.00 ± 0.00
   Action 1 fraction:    0.04

[1:39:06 INFO]: BEST test so far
[1:39:06 INFO]:    Steps:         17632
   Episode length: mean   68.88  min   18.00  max  256.00
   Reward:         mean 7.50 ± 0.53
   Base Reward:    mean 0.00 ± 0.00
   Action 1 fraction:    0.03

[1:41:19 INFO]: Iteration 390
[1:41:19 INFO]: Train 12779520 steps:
[1:41:27 INFO]: 
   Reward:      mean    6.65 ±    4.72
   Base Reward: mean    0.00 ±    0.00
   Loss:        pg_loss -0.0049  v_loss  1.6396  ent_loss -2.1014  loss  0.7938
   Others:      advantage -0.0000 ±  0.9999  value  4.7209 ±  2.9355
   Action 1 frac:    0.03
   Action prob:    0.20
[1:41:27 INFO]: Saved checkpoint to experiments/procgen_expert/last.ckpt
[1:41:27 INFO]: Evaluating on test split
[1:41:38 INFO]:    Steps:         17331
   Episode length: mean   67.70  min   16.00  max  256.00
   Reward:         mean 7.58 ± 0.52
   Base Reward:    mean 0.00 ± 0.00
   Action 1 fraction:    0.04

[1:41:38 INFO]: Saved checkpoint to experiments/procgen_expert/best_test.ckpt
[1:41:38 INFO]: BEST test so far
[1:41:38 INFO]:    Steps:         17331
   Episode length: mean   67.70  min   16.00  max  256.00
   Reward:         mean 7.58 ± 0.52
   Base Reward:    mean 0.00 ± 0.00
   Action 1 fraction:    0.04

[1:43:50 INFO]: Iteration 400
[1:43:50 INFO]: Train 13107200 steps:
[1:43:58 INFO]: 
   Reward:      mean    6.67 ±    4.71
   Base Reward: mean    0.00 ±    0.00
   Loss:        pg_loss -0.0050  v_loss  1.6385  ent_loss -2.0977  loss  0.7932
   Others:      advantage -0.0000 ±  0.9999  value  4.7472 ±  2.9303
   Action 1 frac:    0.03
   Action prob:    0.20
[1:43:58 INFO]: Saved checkpoint to experiments/procgen_expert/last.ckpt
[1:43:58 INFO]: Evaluating on test split
[1:44:08 INFO]:    Steps:         16982
   Episode length: mean   66.34  min   16.00  max  231.00
   Reward:         mean 7.93 ± 0.50
   Base Reward:    mean 0.00 ± 0.00
   Action 1 fraction:    0.03

[1:44:08 INFO]: Saved checkpoint to experiments/procgen_expert/best_test.ckpt
[1:44:08 INFO]: BEST test so far
[1:44:08 INFO]:    Steps:         16982
   Episode length: mean   66.34  min   16.00  max  231.00
   Reward:         mean 7.93 ± 0.50
   Base Reward:    mean 0.00 ± 0.00
   Action 1 fraction:    0.03

[1:46:19 INFO]: Iteration 410
[1:46:19 INFO]: Train 13434880 steps:
[1:46:28 INFO]: 
   Reward:      mean    6.70 ±    4.70
   Base Reward: mean    0.00 ±    0.00
   Loss:        pg_loss -0.0051  v_loss  1.6363  ent_loss -2.0942  loss  0.7921
   Others:      advantage -0.0000 ±  0.9999  value  4.7719 ±  2.9247
   Action 1 frac:    0.03
   Action prob:    0.21
[1:46:28 INFO]: Saved checkpoint to experiments/procgen_expert/last.ckpt
[1:46:28 INFO]: Evaluating on test split
[1:46:38 INFO]:    Steps:         17699
   Episode length: mean   69.14  min   17.00  max  256.00
   Reward:         mean 7.77 ± 0.51
   Base Reward:    mean 0.00 ± 0.00
   Action 1 fraction:    0.02

[1:46:38 INFO]: BEST test so far
[1:46:38 INFO]:    Steps:         16982
   Episode length: mean   66.34  min   16.00  max  231.00
   Reward:         mean 7.93 ± 0.50
   Base Reward:    mean 0.00 ± 0.00
   Action 1 fraction:    0.03

[1:48:49 INFO]: Iteration 420
[1:48:49 INFO]: Train 13762560 steps:
[1:48:57 INFO]: 
   Reward:      mean    6.72 ±    4.70
   Base Reward: mean    0.00 ±    0.00
   Loss:        pg_loss -0.0052  v_loss  1.6325  ent_loss -2.0910  loss  0.7902
   Others:      advantage -0.0000 ±  0.9999  value  4.7938 ±  2.9193
   Action 1 frac:    0.03
   Action prob:    0.21
[1:48:57 INFO]: Saved checkpoint to experiments/procgen_expert/last.ckpt
[1:48:57 INFO]: Evaluating on test split
[1:49:08 INFO]:    Steps:         17663
   Episode length: mean   69.00  min   17.00  max  256.00
   Reward:         mean 8.05 ± 0.49
   Base Reward:    mean 0.00 ± 0.00
   Action 1 fraction:    0.02

[1:49:08 INFO]: Saved checkpoint to experiments/procgen_expert/best_test.ckpt
[1:49:08 INFO]: BEST test so far
[1:49:08 INFO]:    Steps:         17663
   Episode length: mean   69.00  min   17.00  max  256.00
   Reward:         mean 8.05 ± 0.49
   Base Reward:    mean 0.00 ± 0.00
   Action 1 fraction:    0.02

[1:51:19 INFO]: Iteration 430
[1:51:19 INFO]: Train 14090240 steps:
[1:51:29 INFO]: 
   Reward:      mean    6.74 ±    4.69
   Base Reward: mean    0.00 ±    0.00
   Loss:        pg_loss -0.0053  v_loss  1.6305  ent_loss -2.0873  loss  0.7891
   Others:      advantage -0.0000 ±  0.9999  value  4.8171 ±  2.9136
   Action 1 frac:    0.03
   Action prob:    0.21
[1:51:29 INFO]: Saved checkpoint to experiments/procgen_expert/last.ckpt
[1:51:29 INFO]: Evaluating on test split
[1:51:41 INFO]:    Steps:         18348
   Episode length: mean   71.67  min   18.00  max  256.00
   Reward:         mean 7.62 ± 0.52
   Base Reward:    mean 0.00 ± 0.00
   Action 1 fraction:    0.02

[1:51:41 INFO]: BEST test so far
[1:51:41 INFO]:    Steps:         17663
   Episode length: mean   69.00  min   17.00  max  256.00
   Reward:         mean 8.05 ± 0.49
   Base Reward:    mean 0.00 ± 0.00
   Action 1 fraction:    0.02

[1:53:56 INFO]: Iteration 440
[1:53:56 INFO]: Train 14417920 steps:
[1:54:07 INFO]: 
   Reward:      mean    6.76 ±    4.68
   Base Reward: mean    0.00 ±    0.00
   Loss:        pg_loss -0.0053  v_loss  1.6264  ent_loss -2.0842  loss  0.7870
   Others:      advantage  0.0000 ±  0.9999  value  4.8353 ±  2.9072
   Action 1 frac:    0.03
   Action prob:    0.21
[1:54:07 INFO]: Saved checkpoint to experiments/procgen_expert/last.ckpt
[1:54:07 INFO]: Evaluating on test split
[1:54:19 INFO]:    Steps:         17171
   Episode length: mean   67.07  min   17.00  max  256.00
   Reward:         mean 7.30 ± 0.54
   Base Reward:    mean 0.00 ± 0.00
   Action 1 fraction:    0.02

[1:54:19 INFO]: BEST test so far
[1:54:19 INFO]:    Steps:         17663
   Episode length: mean   69.00  min   17.00  max  256.00
   Reward:         mean 8.05 ± 0.49
   Base Reward:    mean 0.00 ± 0.00
   Action 1 fraction:    0.02

[1:56:37 INFO]: Iteration 450
[1:56:37 INFO]: Train 14745600 steps:
[1:56:48 INFO]: 
   Reward:      mean    6.78 ±    4.67
   Base Reward: mean    0.00 ±    0.00
   Loss:        pg_loss -0.0054  v_loss  1.6243  ent_loss -2.0807  loss  0.7859
   Others:      advantage  0.0000 ±  0.9999  value  4.8566 ±  2.9027
   Action 1 frac:    0.03
   Action prob:    0.21
[1:56:48 INFO]: Saved checkpoint to experiments/procgen_expert/last.ckpt
[1:56:48 INFO]: Evaluating on test split
[1:57:00 INFO]:    Steps:         17773
   Episode length: mean   69.43  min   15.00  max  256.00
   Reward:         mean 7.93 ± 0.50
   Base Reward:    mean 0.00 ± 0.00
   Action 1 fraction:    0.03

[1:57:00 INFO]: BEST test so far
[1:57:00 INFO]:    Steps:         17663
   Episode length: mean   69.00  min   17.00  max  256.00
   Reward:         mean 8.05 ± 0.49
   Base Reward:    mean 0.00 ± 0.00
   Action 1 fraction:    0.02

[1:59:20 INFO]: Iteration 460
[1:59:20 INFO]: Train 15073280 steps:
[1:59:29 INFO]: 
   Reward:      mean    6.80 ±    4.67
   Base Reward: mean    0.00 ±    0.00
   Loss:        pg_loss -0.0055  v_loss  1.6218  ent_loss -2.0772  loss  0.7847
   Others:      advantage  0.0000 ±  0.9999  value  4.8749 ±  2.8986
   Action 1 frac:    0.03
   Action prob:    0.21
[1:59:29 INFO]: Saved checkpoint to experiments/procgen_expert/last.ckpt
[1:59:29 INFO]: Evaluating on test split
[1:59:41 INFO]:    Steps:         19893
   Episode length: mean   77.71  min   18.00  max  256.00
   Reward:         mean 7.46 ± 0.53
   Base Reward:    mean 0.00 ± 0.00
   Action 1 fraction:    0.02

[1:59:41 INFO]: BEST test so far
[1:59:41 INFO]:    Steps:         17663
   Episode length: mean   69.00  min   17.00  max  256.00
   Reward:         mean 8.05 ± 0.49
   Base Reward:    mean 0.00 ± 0.00
   Action 1 fraction:    0.02

[2:02:00 INFO]: Iteration 470
[2:02:00 INFO]: Train 15400960 steps:
[2:02:09 INFO]: 
   Reward:      mean    6.82 ±    4.66
   Base Reward: mean    0.00 ±    0.00
   Loss:        pg_loss -0.0056  v_loss  1.6198  ent_loss -2.0738  loss  0.7836
   Others:      advantage  0.0000 ±  0.9999  value  4.8924 ±  2.8940
   Action 1 frac:    0.03
   Action prob:    0.21
[2:02:09 INFO]: Saved checkpoint to experiments/procgen_expert/last.ckpt
[2:02:09 INFO]: Evaluating on test split
[2:02:23 INFO]:    Steps:         17386
   Episode length: mean   67.91  min   17.00  max  256.00
   Reward:         mean 7.81 ± 0.51
   Base Reward:    mean 0.00 ± 0.00
   Action 1 fraction:    0.03

[2:02:23 INFO]: BEST test so far
[2:02:23 INFO]:    Steps:         17663
   Episode length: mean   69.00  min   17.00  max  256.00
   Reward:         mean 8.05 ± 0.49
   Base Reward:    mean 0.00 ± 0.00
   Action 1 fraction:    0.02

[2:04:41 INFO]: Iteration 480
[2:04:41 INFO]: Train 15728640 steps:
[2:04:50 INFO]: 
   Reward:      mean    6.84 ±    4.65
   Base Reward: mean    0.00 ±    0.00
   Loss:        pg_loss -0.0056  v_loss  1.6187  ent_loss -2.0707  loss  0.7830
   Others:      advantage -0.0000 ±  0.9999  value  4.9121 ±  2.8900
   Action 1 frac:    0.03
   Action prob:    0.21
[2:04:50 INFO]: Saved checkpoint to experiments/procgen_expert/last.ckpt
[2:04:50 INFO]: Evaluating on test split
[2:05:02 INFO]:    Steps:         17807
   Episode length: mean   69.56  min   15.00  max  256.00
   Reward:         mean 7.34 ± 0.54
   Base Reward:    mean 0.00 ± 0.00
   Action 1 fraction:    0.02

[2:05:02 INFO]: BEST test so far
[2:05:02 INFO]:    Steps:         17663
   Episode length: mean   69.00  min   17.00  max  256.00
   Reward:         mean 8.05 ± 0.49
   Base Reward:    mean 0.00 ± 0.00
   Action 1 fraction:    0.02

[2:07:21 INFO]: Iteration 490
[2:07:21 INFO]: Train 16056320 steps:
[2:07:31 INFO]: 
   Reward:      mean    6.85 ±    4.64
   Base Reward: mean    0.00 ±    0.00
   Loss:        pg_loss -0.0057  v_loss  1.6181  ent_loss -2.0673  loss  0.7827
   Others:      advantage -0.0000 ±  0.9999  value  4.9323 ±  2.8855
   Action 1 frac:    0.03
   Action prob:    0.21
[2:07:31 INFO]: Saved checkpoint to experiments/procgen_expert/last.ckpt
[2:07:31 INFO]: Evaluating on test split
[2:07:44 INFO]:    Steps:         18405
   Episode length: mean   71.89  min   16.00  max  256.00
   Reward:         mean 7.62 ± 0.52
   Base Reward:    mean 0.00 ± 0.00
   Action 1 fraction:    0.03

[2:07:44 INFO]: BEST test so far
[2:07:44 INFO]:    Steps:         17663
   Episode length: mean   69.00  min   17.00  max  256.00
   Reward:         mean 8.05 ± 0.49
   Base Reward:    mean 0.00 ± 0.00
   Action 1 fraction:    0.02

[2:10:02 INFO]: Iteration 500
[2:10:02 INFO]: Train 16384000 steps:
[2:10:12 INFO]: 
   Reward:      mean    6.87 ±    4.64
   Base Reward: mean    0.00 ±    0.00
   Loss:        pg_loss -0.0058  v_loss  1.6163  ent_loss -2.0649  loss  0.7818
   Others:      advantage -0.0000 ±  0.9999  value  4.9545 ±  2.8813
   Action 1 frac:    0.03
   Action prob:    0.21
[2:10:12 INFO]: Saved checkpoint to experiments/procgen_expert/last.ckpt
[2:10:12 INFO]: Evaluating on test split
[2:10:25 INFO]:    Steps:         18047
   Episode length: mean   70.50  min   17.00  max  256.00
   Reward:         mean 7.81 ± 0.51
   Base Reward:    mean 0.00 ± 0.00
   Action 1 fraction:    0.03

[2:10:25 INFO]: BEST test so far
[2:10:25 INFO]:    Steps:         17663
   Episode length: mean   69.00  min   17.00  max  256.00
   Reward:         mean 8.05 ± 0.49
   Base Reward:    mean 0.00 ± 0.00
   Action 1 fraction:    0.02

[2:12:43 INFO]: Iteration 510
[2:12:43 INFO]: Train 16711680 steps:
[2:12:53 INFO]: 
   Reward:      mean    6.89 ±    4.63
   Base Reward: mean    0.00 ±    0.00
   Loss:        pg_loss -0.0058  v_loss  1.6157  ent_loss -2.0624  loss  0.7814
   Others:      advantage -0.0000 ±  0.9999  value  4.9759 ±  2.8765
   Action 1 frac:    0.03
   Action prob:    0.21
[2:12:54 INFO]: Saved checkpoint to experiments/procgen_expert/last.ckpt
[2:12:54 INFO]: Evaluating on test split
[2:13:07 INFO]:    Steps:         15661
   Episode length: mean   61.18  min   14.00  max  256.00
   Reward:         mean 7.89 ± 0.50
   Base Reward:    mean 0.00 ± 0.00
   Action 1 fraction:    0.02

[2:13:07 INFO]: BEST test so far
[2:13:07 INFO]:    Steps:         17663
   Episode length: mean   69.00  min   17.00  max  256.00
   Reward:         mean 8.05 ± 0.49
   Base Reward:    mean 0.00 ± 0.00
   Action 1 fraction:    0.02

[2:15:24 INFO]: Iteration 520
[2:15:24 INFO]: Train 17039360 steps:
[2:15:34 INFO]: 
   Reward:      mean    6.90 ±    4.62
   Base Reward: mean    0.00 ±    0.00
   Loss:        pg_loss -0.0059  v_loss  1.6136  ent_loss -2.0608  loss  0.7803
   Others:      advantage -0.0000 ±  0.9999  value  4.9915 ±  2.8706
   Action 1 frac:    0.03
   Action prob:    0.21
[2:15:34 INFO]: Saved checkpoint to experiments/procgen_expert/last.ckpt
[2:15:34 INFO]: Evaluating on test split
[2:15:47 INFO]:    Steps:         19052
   Episode length: mean   74.42  min   17.00  max  256.00
   Reward:         mean 7.15 ± 0.55
   Base Reward:    mean 0.00 ± 0.00
   Action 1 fraction:    0.02

[2:15:47 INFO]: BEST test so far
[2:15:47 INFO]:    Steps:         17663
   Episode length: mean   69.00  min   17.00  max  256.00
   Reward:         mean 8.05 ± 0.49
   Base Reward:    mean 0.00 ± 0.00
   Action 1 fraction:    0.02

[2:18:05 INFO]: Iteration 530
[2:18:05 INFO]: Train 17367040 steps:
[2:18:16 INFO]: 
   Reward:      mean    6.92 ±    4.62
   Base Reward: mean    0.00 ±    0.00
   Loss:        pg_loss -0.0059  v_loss  1.6116  ent_loss -2.0585  loss  0.7793
   Others:      advantage -0.0000 ±  0.9999  value  5.0054 ±  2.8668
   Action 1 frac:    0.03
   Action prob:    0.22
[2:18:16 INFO]: Saved checkpoint to experiments/procgen_expert/last.ckpt
[2:18:16 INFO]: Evaluating on test split
[2:18:28 INFO]:    Steps:         17660
   Episode length: mean   68.98  min   16.00  max  256.00
   Reward:         mean 7.42 ± 0.54
   Base Reward:    mean 0.00 ± 0.00
   Action 1 fraction:    0.02

[2:18:28 INFO]: BEST test so far
[2:18:28 INFO]:    Steps:         17663
   Episode length: mean   69.00  min   17.00  max  256.00
   Reward:         mean 8.05 ± 0.49
   Base Reward:    mean 0.00 ± 0.00
   Action 1 fraction:    0.02

[2:20:45 INFO]: Iteration 540
[2:20:45 INFO]: Train 17694720 steps:
[2:20:56 INFO]: 
   Reward:      mean    6.94 ±    4.61
   Base Reward: mean    0.00 ±    0.00
   Loss:        pg_loss -0.0060  v_loss  1.6111  ent_loss -2.0551  loss  0.7790
   Others:      advantage -0.0000 ±  0.9999  value  5.0238 ±  2.8640
   Action 1 frac:    0.03
   Action prob:    0.22
[2:20:56 INFO]: Saved checkpoint to experiments/procgen_expert/last.ckpt
[2:20:56 INFO]: Evaluating on test split
[2:21:09 INFO]:    Steps:         17880
   Episode length: mean   69.84  min   17.00  max  256.00
   Reward:         mean 7.54 ± 0.53
   Base Reward:    mean 0.00 ± 0.00
   Action 1 fraction:    0.02

[2:21:09 INFO]: BEST test so far
[2:21:09 INFO]:    Steps:         17663
   Episode length: mean   69.00  min   17.00  max  256.00
   Reward:         mean 8.05 ± 0.49
   Base Reward:    mean 0.00 ± 0.00
   Action 1 fraction:    0.02

[2:23:27 INFO]: Iteration 550
[2:23:27 INFO]: Train 18022400 steps:
[2:23:37 INFO]: 
   Reward:      mean    6.95 ±    4.60
   Base Reward: mean    0.00 ±    0.00
   Loss:        pg_loss -0.0060  v_loss  1.6103  ent_loss -2.0522  loss  0.7786
   Others:      advantage -0.0000 ±  0.9999  value  5.0418 ±  2.8600
   Action 1 frac:    0.03
   Action prob:    0.22
[2:23:37 INFO]: Saved checkpoint to experiments/procgen_expert/last.ckpt
[2:23:37 INFO]: Evaluating on test split
[2:23:50 INFO]:    Steps:         17570
   Episode length: mean   68.63  min   16.00  max  256.00
   Reward:         mean 7.54 ± 0.53
   Base Reward:    mean 0.00 ± 0.00
   Action 1 fraction:    0.01

[2:23:50 INFO]: BEST test so far
[2:23:50 INFO]:    Steps:         17663
   Episode length: mean   69.00  min   17.00  max  256.00
   Reward:         mean 8.05 ± 0.49
   Base Reward:    mean 0.00 ± 0.00
   Action 1 fraction:    0.02

[2:26:07 INFO]: Iteration 560
[2:26:07 INFO]: Train 18350080 steps:
[2:26:18 INFO]: 
   Reward:      mean    6.97 ±    4.60
   Base Reward: mean    0.00 ±    0.00
   Loss:        pg_loss -0.0061  v_loss  1.6097  ent_loss -2.0493  loss  0.7783
   Others:      advantage  0.0000 ±  0.9999  value  5.0593 ±  2.8552
   Action 1 frac:    0.03
   Action prob:    0.22
[2:26:18 INFO]: Saved checkpoint to experiments/procgen_expert/last.ckpt
[2:26:18 INFO]: Evaluating on test split
[2:26:30 INFO]:    Steps:         17595
   Episode length: mean   68.73  min   17.00  max  256.00
   Reward:         mean 7.97 ± 0.49
   Base Reward:    mean 0.00 ± 0.00
   Action 1 fraction:    0.02

[2:26:30 INFO]: BEST test so far
[2:26:30 INFO]:    Steps:         17663
   Episode length: mean   69.00  min   17.00  max  256.00
   Reward:         mean 8.05 ± 0.49
   Base Reward:    mean 0.00 ± 0.00
   Action 1 fraction:    0.02

[2:28:49 INFO]: Iteration 570
[2:28:49 INFO]: Train 18677760 steps:
[2:29:00 INFO]: 
   Reward:      mean    6.99 ±    4.59
   Base Reward: mean    0.00 ±    0.00
   Loss:        pg_loss -0.0062  v_loss  1.6088  ent_loss -2.0466  loss  0.7778
   Others:      advantage -0.0000 ±  0.9999  value  5.0756 ±  2.8510
   Action 1 frac:    0.03
   Action prob:    0.22
[2:29:00 INFO]: Saved checkpoint to experiments/procgen_expert/last.ckpt
[2:29:00 INFO]: Evaluating on test split
[2:29:12 INFO]:    Steps:         17925
   Episode length: mean   70.02  min   16.00  max  256.00
   Reward:         mean 7.81 ± 0.51
   Base Reward:    mean 0.00 ± 0.00
   Action 1 fraction:    0.02

[2:29:12 INFO]: BEST test so far
[2:29:12 INFO]:    Steps:         17663
   Episode length: mean   69.00  min   17.00  max  256.00
   Reward:         mean 8.05 ± 0.49
   Base Reward:    mean 0.00 ± 0.00
   Action 1 fraction:    0.02

[2:31:30 INFO]: Iteration 580
[2:31:30 INFO]: Train 19005440 steps:
[2:31:41 INFO]: 
   Reward:      mean    7.00 ±    4.58
   Base Reward: mean    0.00 ±    0.00
   Loss:        pg_loss -0.0062  v_loss  1.6088  ent_loss -2.0438  loss  0.7777
   Others:      advantage -0.0000 ±  0.9999  value  5.0947 ±  2.8468
   Action 1 frac:    0.02
   Action prob:    0.22
[2:31:41 INFO]: Saved checkpoint to experiments/procgen_expert/last.ckpt
[2:31:41 INFO]: Evaluating on test split
[2:31:52 INFO]:    Steps:         16861
   Episode length: mean   65.86  min   17.00  max  216.00
   Reward:         mean 7.38 ± 0.54
   Base Reward:    mean 0.00 ± 0.00
   Action 1 fraction:    0.02

[2:31:52 INFO]: BEST test so far
[2:31:52 INFO]:    Steps:         17663
   Episode length: mean   69.00  min   17.00  max  256.00
   Reward:         mean 8.05 ± 0.49
   Base Reward:    mean 0.00 ± 0.00
   Action 1 fraction:    0.02

[2:34:09 INFO]: Iteration 590
[2:34:09 INFO]: Train 19333120 steps:
[2:34:20 INFO]: 
   Reward:      mean    7.02 ±    4.58
   Base Reward: mean    0.00 ±    0.00
   Loss:        pg_loss -0.0063  v_loss  1.6089  ent_loss -2.0411  loss  0.7778
   Others:      advantage  0.0000 ±  0.9999  value  5.1163 ±  2.8422
   Action 1 frac:    0.02
   Action prob:    0.22
[2:34:20 INFO]: Saved checkpoint to experiments/procgen_expert/last.ckpt
[2:34:20 INFO]: Evaluating on test split
[2:34:33 INFO]:    Steps:         18252
   Episode length: mean   71.30  min   12.00  max  256.00
   Reward:         mean 8.01 ± 0.49
   Base Reward:    mean 0.00 ± 0.00
   Action 1 fraction:    0.01

[2:34:33 INFO]: BEST test so far
[2:34:33 INFO]:    Steps:         17663
   Episode length: mean   69.00  min   17.00  max  256.00
   Reward:         mean 8.05 ± 0.49
   Base Reward:    mean 0.00 ± 0.00
   Action 1 fraction:    0.02

[2:36:49 INFO]: Iteration 600
[2:36:49 INFO]: Train 19660800 steps:
[2:37:01 INFO]: 
   Reward:      mean    7.03 ±    4.57
   Base Reward: mean    0.00 ±    0.00
   Loss:        pg_loss -0.0063  v_loss  1.6091  ent_loss -2.0392  loss  0.7778
   Others:      advantage  0.0000 ±  0.9999  value  5.1395 ±  2.8379
   Action 1 frac:    0.02
   Action prob:    0.22
[2:37:01 INFO]: Saved checkpoint to experiments/procgen_expert/last.ckpt
[2:37:01 INFO]: Evaluating on test split
[2:37:13 INFO]:    Steps:         17715
   Episode length: mean   69.20  min   16.00  max  256.00
   Reward:         mean 7.77 ± 0.51
   Base Reward:    mean 0.00 ± 0.00
   Action 1 fraction:    0.01

[2:37:13 INFO]: BEST test so far
[2:37:13 INFO]:    Steps:         17663
   Episode length: mean   69.00  min   17.00  max  256.00
   Reward:         mean 8.05 ± 0.49
   Base Reward:    mean 0.00 ± 0.00
   Action 1 fraction:    0.02

[2:39:31 INFO]: Iteration 610
[2:39:31 INFO]: Train 19988480 steps:
[2:39:43 INFO]: 
   Reward:      mean    7.04 ±    4.56
   Base Reward: mean    0.00 ±    0.00
   Loss:        pg_loss -0.0063  v_loss  1.6067  ent_loss -2.0382  loss  0.7766
   Others:      advantage  0.0000 ±  0.9999  value  5.1591 ±  2.8327
   Action 1 frac:    0.02
   Action prob:    0.22
[2:39:43 INFO]: Saved checkpoint to experiments/procgen_expert/last.ckpt
[2:39:43 INFO]: Evaluating on test split
[2:39:56 INFO]:    Steps:         21092
   Episode length: mean   82.39  min   17.00  max  256.00
   Reward:         mean 7.85 ± 0.50
   Base Reward:    mean 0.00 ± 0.00
   Action 1 fraction:    0.01

[2:39:56 INFO]: BEST test so far
[2:39:56 INFO]:    Steps:         17663
   Episode length: mean   69.00  min   17.00  max  256.00
   Reward:         mean 8.05 ± 0.49
   Base Reward:    mean 0.00 ± 0.00
   Action 1 fraction:    0.02

[2:42:15 INFO]: Iteration 620
[2:42:15 INFO]: Train 20316160 steps:
[2:42:27 INFO]: 
   Reward:      mean    7.06 ±    4.56
   Base Reward: mean    0.00 ±    0.00
   Loss:        pg_loss -0.0064  v_loss  1.6054  ent_loss -2.0370  loss  0.7759
   Others:      advantage  0.0000 ±  0.9999  value  5.1793 ±  2.8279
   Action 1 frac:    0.02
   Action prob:    0.22
[2:42:27 INFO]: Saved checkpoint to experiments/procgen_expert/last.ckpt
[2:42:27 INFO]: Evaluating on test split
[2:42:38 INFO]:    Steps:         19312
   Episode length: mean   75.44  min   16.00  max  256.00
   Reward:         mean 7.62 ± 0.52
   Base Reward:    mean 0.00 ± 0.00
   Action 1 fraction:    0.02

[2:42:38 INFO]: BEST test so far
[2:42:38 INFO]:    Steps:         17663
   Episode length: mean   69.00  min   17.00  max  256.00
   Reward:         mean 8.05 ± 0.49
   Base Reward:    mean 0.00 ± 0.00
   Action 1 fraction:    0.02

[2:44:57 INFO]: Iteration 630
[2:44:57 INFO]: Train 20643840 steps:
[2:45:10 INFO]: 
   Reward:      mean    7.07 ±    4.55
   Base Reward: mean    0.00 ±    0.00
   Loss:        pg_loss -0.0064  v_loss  1.6038  ent_loss -2.0354  loss  0.7751
   Others:      advantage  0.0000 ±  0.9999  value  5.1970 ±  2.8231
   Action 1 frac:    0.02
   Action prob:    0.22
[2:45:10 INFO]: Saved checkpoint to experiments/procgen_expert/last.ckpt
[2:45:10 INFO]: Evaluating on test split
[2:45:21 INFO]:    Steps:         17684
   Episode length: mean   69.08  min   16.00  max  256.00
   Reward:         mean 8.05 ± 0.49
   Base Reward:    mean 0.00 ± 0.00
   Action 1 fraction:    0.02

[2:45:21 INFO]: BEST test so far
[2:45:21 INFO]:    Steps:         17663
   Episode length: mean   69.00  min   17.00  max  256.00
   Reward:         mean 8.05 ± 0.49
   Base Reward:    mean 0.00 ± 0.00
   Action 1 fraction:    0.02

[2:47:40 INFO]: Iteration 640
[2:47:40 INFO]: Train 20971520 steps:
[2:47:53 INFO]: 
   Reward:      mean    7.08 ±    4.55
   Base Reward: mean    0.00 ±    0.00
   Loss:        pg_loss -0.0065  v_loss  1.6021  ent_loss -2.0334  loss  0.7742
   Others:      advantage  0.0000 ±  0.9999  value  5.2127 ±  2.8180
   Action 1 frac:    0.02
   Action prob:    0.22
[2:47:53 INFO]: Saved checkpoint to experiments/procgen_expert/last.ckpt
[2:47:53 INFO]: Evaluating on test split
[2:48:05 INFO]:    Steps:         19955
   Episode length: mean   77.95  min   17.00  max  256.00
   Reward:         mean 8.01 ± 0.49
   Base Reward:    mean 0.00 ± 0.00
   Action 1 fraction:    0.01

[2:48:05 INFO]: BEST test so far
[2:48:05 INFO]:    Steps:         17663
   Episode length: mean   69.00  min   17.00  max  256.00
   Reward:         mean 8.05 ± 0.49
   Base Reward:    mean 0.00 ± 0.00
   Action 1 fraction:    0.02

[2:50:26 INFO]: Iteration 650
[2:50:26 INFO]: Train 21299200 steps:
[2:50:38 INFO]: 
   Reward:      mean    7.10 ±    4.54
   Base Reward: mean    0.00 ±    0.00
   Loss:        pg_loss -0.0066  v_loss  1.5988  ent_loss -2.0320  loss  0.7725
   Others:      advantage  0.0000 ±  0.9999  value  5.2227 ±  2.8130
   Action 1 frac:    0.02
   Action prob:    0.22
[2:50:38 INFO]: Saved checkpoint to experiments/procgen_expert/last.ckpt
[2:50:38 INFO]: Evaluating on test split
[2:50:51 INFO]:    Steps:         18981
   Episode length: mean   74.14  min   16.00  max  256.00
   Reward:         mean 8.12 ± 0.48
   Base Reward:    mean 0.00 ± 0.00
   Action 1 fraction:    0.01

[2:50:51 INFO]: Saved checkpoint to experiments/procgen_expert/best_test.ckpt
[2:50:51 INFO]: BEST test so far
[2:50:51 INFO]:    Steps:         18981
   Episode length: mean   74.14  min   16.00  max  256.00
   Reward:         mean 8.12 ± 0.48
   Base Reward:    mean 0.00 ± 0.00
   Action 1 fraction:    0.01

[2:53:11 INFO]: Iteration 660
[2:53:11 INFO]: Train 21626880 steps:
[2:53:24 INFO]: 
   Reward:      mean    7.11 ±    4.53
   Base Reward: mean    0.00 ±    0.00
   Loss:        pg_loss -0.0066  v_loss  1.5973  ent_loss -2.0301  loss  0.7717
   Others:      advantage  0.0000 ±  0.9999  value  5.2366 ±  2.8089
   Action 1 frac:    0.02
   Action prob:    0.22
[2:53:24 INFO]: Saved checkpoint to experiments/procgen_expert/last.ckpt
[2:53:24 INFO]: Evaluating on test split
[2:53:36 INFO]:    Steps:         18118
   Episode length: mean   70.77  min   16.00  max  256.00
   Reward:         mean 7.70 ± 0.52
   Base Reward:    mean 0.00 ± 0.00
   Action 1 fraction:    0.01

[2:53:36 INFO]: BEST test so far
[2:53:36 INFO]:    Steps:         18981
   Episode length: mean   74.14  min   16.00  max  256.00
   Reward:         mean 8.12 ± 0.48
   Base Reward:    mean 0.00 ± 0.00
   Action 1 fraction:    0.01

[2:55:55 INFO]: Iteration 670
[2:55:55 INFO]: Train 21954560 steps:
[2:56:08 INFO]: 
   Reward:      mean    7.12 ±    4.53
   Base Reward: mean    0.00 ±    0.00
   Loss:        pg_loss -0.0067  v_loss  1.5963  ent_loss -2.0282  loss  0.7712
   Others:      advantage  0.0000 ±  0.9999  value  5.2492 ±  2.8041
   Action 1 frac:    0.02
   Action prob:    0.22
[2:56:08 INFO]: Saved checkpoint to experiments/procgen_expert/last.ckpt
[2:56:08 INFO]: Evaluating on test split
[2:56:21 INFO]:    Steps:         19215
   Episode length: mean   75.06  min   17.00  max  256.00
   Reward:         mean 7.77 ± 0.51
   Base Reward:    mean 0.00 ± 0.00
   Action 1 fraction:    0.01

[2:56:21 INFO]: BEST test so far
[2:56:21 INFO]:    Steps:         18981
   Episode length: mean   74.14  min   16.00  max  256.00
   Reward:         mean 8.12 ± 0.48
   Base Reward:    mean 0.00 ± 0.00
   Action 1 fraction:    0.01

[2:58:40 INFO]: Iteration 680
[2:58:40 INFO]: Train 22282240 steps:
[2:58:53 INFO]: 
   Reward:      mean    7.13 ±    4.52
   Base Reward: mean    0.00 ±    0.00
   Loss:        pg_loss -0.0067  v_loss  1.5943  ent_loss -2.0265  loss  0.7702
   Others:      advantage  0.0000 ±  0.9999  value  5.2596 ±  2.7998
   Action 1 frac:    0.02
   Action prob:    0.22
[2:58:53 INFO]: Saved checkpoint to experiments/procgen_expert/last.ckpt
[2:58:53 INFO]: Evaluating on test split
[2:59:06 INFO]:    Steps:         20543
   Episode length: mean   80.25  min   17.00  max  256.00
   Reward:         mean 7.50 ± 0.53
   Base Reward:    mean 0.00 ± 0.00
   Action 1 fraction:    0.02

[2:59:06 INFO]: BEST test so far
[2:59:06 INFO]:    Steps:         18981
   Episode length: mean   74.14  min   16.00  max  256.00
   Reward:         mean 8.12 ± 0.48
   Base Reward:    mean 0.00 ± 0.00
   Action 1 fraction:    0.01

[3:01:25 INFO]: Iteration 690
[3:01:25 INFO]: Train 22609920 steps:
[3:01:38 INFO]: 
   Reward:      mean    7.14 ±    4.52
   Base Reward: mean    0.00 ±    0.00
   Loss:        pg_loss -0.0068  v_loss  1.5913  ent_loss -2.0256  loss  0.7686
   Others:      advantage  0.0000 ±  0.9999  value  5.2673 ±  2.7958
   Action 1 frac:    0.02
   Action prob:    0.22
[3:01:38 INFO]: Saved checkpoint to experiments/procgen_expert/last.ckpt
[3:01:38 INFO]: Evaluating on test split
[3:01:51 INFO]:    Steps:         19590
   Episode length: mean   76.52  min   18.00  max  256.00
   Reward:         mean 7.46 ± 0.53
   Base Reward:    mean 0.00 ± 0.00
   Action 1 fraction:    0.02

[3:01:51 INFO]: BEST test so far
[3:01:51 INFO]:    Steps:         18981
   Episode length: mean   74.14  min   16.00  max  256.00
   Reward:         mean 8.12 ± 0.48
   Base Reward:    mean 0.00 ± 0.00
   Action 1 fraction:    0.01

[3:04:09 INFO]: Iteration 700
[3:04:09 INFO]: Train 22937600 steps:
[3:04:23 INFO]: 
   Reward:      mean    7.15 ±    4.51
   Base Reward: mean    0.00 ±    0.00
   Loss:        pg_loss -0.0068  v_loss  1.5889  ent_loss -2.0250  loss  0.7674
   Others:      advantage  0.0000 ±  0.9999  value  5.2750 ±  2.7921
   Action 1 frac:    0.02
   Action prob:    0.22
[3:04:23 INFO]: Saved checkpoint to experiments/procgen_expert/last.ckpt
[3:04:23 INFO]: Evaluating on test split
[3:04:35 INFO]:    Steps:         20924
   Episode length: mean   81.73  min   15.00  max  256.00
   Reward:         mean 7.85 ± 0.50
   Base Reward:    mean 0.00 ± 0.00
   Action 1 fraction:    0.02

[3:04:35 INFO]: BEST test so far
[3:04:35 INFO]:    Steps:         18981
   Episode length: mean   74.14  min   16.00  max  256.00
   Reward:         mean 8.12 ± 0.48
   Base Reward:    mean 0.00 ± 0.00
   Action 1 fraction:    0.01

[3:06:54 INFO]: Iteration 710
[3:06:54 INFO]: Train 23265280 steps:
[3:07:08 INFO]: 
   Reward:      mean    7.16 ±    4.51
   Base Reward: mean    0.00 ±    0.00
   Loss:        pg_loss -0.0068  v_loss  1.5870  ent_loss -2.0238  loss  0.7664
   Others:      advantage  0.0000 ±  0.9999  value  5.2839 ±  2.7882
   Action 1 frac:    0.02
   Action prob:    0.22
[3:07:08 INFO]: Saved checkpoint to experiments/procgen_expert/last.ckpt
[3:07:08 INFO]: Evaluating on test split
[3:07:20 INFO]:    Steps:         19196
   Episode length: mean   74.98  min   17.00  max  256.00
   Reward:         mean 8.12 ± 0.48
   Base Reward:    mean 0.00 ± 0.00
   Action 1 fraction:    0.02

[3:07:20 INFO]: BEST test so far
[3:07:20 INFO]:    Steps:         18981
   Episode length: mean   74.14  min   16.00  max  256.00
   Reward:         mean 8.12 ± 0.48
   Base Reward:    mean 0.00 ± 0.00
   Action 1 fraction:    0.01

[3:09:40 INFO]: Iteration 720
[3:09:40 INFO]: Train 23592960 steps:
[3:09:54 INFO]: 
   Reward:      mean    7.17 ±    4.50
   Base Reward: mean    0.00 ±    0.00
   Loss:        pg_loss -0.0069  v_loss  1.5856  ent_loss -2.0227  loss  0.7657
   Others:      advantage  0.0000 ±  0.9999  value  5.2938 ±  2.7844
   Action 1 frac:    0.02
   Action prob:    0.22
[3:09:54 INFO]: Saved checkpoint to experiments/procgen_expert/last.ckpt
[3:09:54 INFO]: Evaluating on test split
[3:10:06 INFO]:    Steps:         17125
   Episode length: mean   66.89  min   17.00  max  256.00
   Reward:         mean 7.70 ± 0.52
   Base Reward:    mean 0.00 ± 0.00
   Action 1 fraction:    0.03

[3:10:06 INFO]: BEST test so far
[3:10:06 INFO]:    Steps:         18981
   Episode length: mean   74.14  min   16.00  max  256.00
   Reward:         mean 8.12 ± 0.48
   Base Reward:    mean 0.00 ± 0.00
   Action 1 fraction:    0.01

[3:12:25 INFO]: Iteration 730
[3:12:25 INFO]: Train 23920640 steps:
[3:12:39 INFO]: 
   Reward:      mean    7.18 ±    4.50
   Base Reward: mean    0.00 ±    0.00
   Loss:        pg_loss -0.0070  v_loss  1.5843  ent_loss -2.0216  loss  0.7650
   Others:      advantage  0.0000 ±  0.9999  value  5.3040 ±  2.7806
   Action 1 frac:    0.02
   Action prob:    0.22
[3:12:39 INFO]: Saved checkpoint to experiments/procgen_expert/last.ckpt
[3:12:39 INFO]: Evaluating on test split
[3:12:52 INFO]:    Steps:         18952
   Episode length: mean   74.03  min   18.00  max  256.00
   Reward:         mean 7.89 ± 0.50
   Base Reward:    mean 0.00 ± 0.00
   Action 1 fraction:    0.03

[3:12:52 INFO]: BEST test so far
[3:12:52 INFO]:    Steps:         18981
   Episode length: mean   74.14  min   16.00  max  256.00
   Reward:         mean 8.12 ± 0.48
   Base Reward:    mean 0.00 ± 0.00
   Action 1 fraction:    0.01

[3:15:11 INFO]: Iteration 740
[3:15:11 INFO]: Train 24248320 steps:
[3:15:26 INFO]: 
   Reward:      mean    7.19 ±    4.49
   Base Reward: mean    0.00 ±    0.00
   Loss:        pg_loss -0.0070  v_loss  1.5824  ent_loss -2.0202  loss  0.7640
   Others:      advantage  0.0000 ±  0.9999  value  5.3136 ±  2.7764
   Action 1 frac:    0.02
   Action prob:    0.23
[3:15:26 INFO]: Saved checkpoint to experiments/procgen_expert/last.ckpt
[3:15:26 INFO]: Evaluating on test split
[3:15:38 INFO]:    Steps:         18363
   Episode length: mean   71.73  min   18.00  max  256.00
   Reward:         mean 8.44 ± 0.44
   Base Reward:    mean 0.00 ± 0.00
   Action 1 fraction:    0.02

[3:15:38 INFO]: Saved checkpoint to experiments/procgen_expert/best_test.ckpt
[3:15:38 INFO]: BEST test so far
[3:15:38 INFO]:    Steps:         18363
   Episode length: mean   71.73  min   18.00  max  256.00
   Reward:         mean 8.44 ± 0.44
   Base Reward:    mean 0.00 ± 0.00
   Action 1 fraction:    0.02

[3:17:58 INFO]: Iteration 750
[3:17:58 INFO]: Train 24576000 steps:
[3:18:13 INFO]: 
   Reward:      mean    7.20 ±    4.49
   Base Reward: mean    0.00 ±    0.00
   Loss:        pg_loss -0.0071  v_loss  1.5812  ent_loss -2.0186  loss  0.7634
   Others:      advantage  0.0000 ±  0.9999  value  5.3252 ±  2.7724
   Action 1 frac:    0.02
   Action prob:    0.23
[3:18:13 INFO]: Saved checkpoint to experiments/procgen_expert/last.ckpt
[3:18:13 INFO]: Evaluating on test split
[3:18:25 INFO]:    Steps:         18507
   Episode length: mean   72.29  min   16.00  max  256.00
   Reward:         mean 7.58 ± 0.52
   Base Reward:    mean 0.00 ± 0.00
   Action 1 fraction:    0.03

[3:18:25 INFO]: BEST test so far
[3:18:25 INFO]:    Steps:         18363
   Episode length: mean   71.73  min   18.00  max  256.00
   Reward:         mean 8.44 ± 0.44
   Base Reward:    mean 0.00 ± 0.00
   Action 1 fraction:    0.02

[3:20:45 INFO]: Iteration 760
[3:20:45 INFO]: Train 24903680 steps:
[3:20:59 INFO]: 
   Reward:      mean    7.21 ±    4.48
   Base Reward: mean    0.00 ±    0.00
   Loss:        pg_loss -0.0071  v_loss  1.5799  ent_loss -2.0165  loss  0.7627
   Others:      advantage  0.0000 ±  0.9999  value  5.3362 ±  2.7683
   Action 1 frac:    0.02
   Action prob:    0.23
[3:20:59 INFO]: Saved checkpoint to experiments/procgen_expert/last.ckpt
[3:20:59 INFO]: Evaluating on test split
[3:21:12 INFO]:    Steps:         19508
   Episode length: mean   76.20  min   19.00  max  256.00
   Reward:         mean 7.81 ± 0.51
   Base Reward:    mean 0.00 ± 0.00
   Action 1 fraction:    0.03

[3:21:12 INFO]: BEST test so far
[3:21:12 INFO]:    Steps:         18363
   Episode length: mean   71.73  min   18.00  max  256.00
   Reward:         mean 8.44 ± 0.44
   Base Reward:    mean 0.00 ± 0.00
   Action 1 fraction:    0.02

