[0:00:00 INFO]: 2025-08-11 00:21:06.691647
[0:00:00 INFO]: python -u examples/procgen_yrc.py --config configs/procgen_agent.yaml --mode train --type agent name=procgen_novice overwrite=1 device=3
[0:00:00 INFO]: Write log to experiments/procgen_novice/procgen_novice.train.log
[0:00:00 INFO]: name: procgen_novice
device: 3
seed: 10
env:
  name: procgen
  task: coinrun
  normalize_rew: false
  num_envs: 128
  num_threads: 8
  train:
    distribution_mode: easy
    seed: 0
    start_level: 0
    num_levels: 100000
  val_sim:
    distribution_mode: easy
    seed: 0
    start_level: 50000
    num_levels: 256
  val_true:
    distribution_mode: hard
    seed: 0
    start_level: 50000
    num_levels: 256
  test:
    distribution_mode: easy
    seed: 0
    start_level: 0
    num_levels: 100000
policy:
  name: ppo
  model:
    name: impala_ppo
  load_path: null
algorithm:
  name: ppo
  log_freq: 10
  save_freq: 0
  num_steps: 256
  total_timesteps: 15000000
  update_epochs: 3
  gamma: 0.999
  gae_lambda: 0.95
  num_minibatches: 8
  clip_coef: 0.2
  norm_adv: true
  clip_vloss: true
  vf_coef: 0.5
  ent_coef: 0.01
  max_grad_norm: 0.5
  learning_rate: 0.0005
  critic_pretrain_steps: 0
  anneal_lr: false
  log_action_id: 1
evaluation:
  num_episodes: 256
  max_num_steps: 256
  temperature: 1.0
  log_action_id: 1
eval_mode: null
eval_name: null
overwrite: true
use_wandb: false
experiment_dir: experiments/procgen_novice
train_novice: null
train_expert: null
test_novice: null
test_expert: null
coordination:
  expert_query_cost_weight: 0.4
  switch_agent_cost_weight: 0.0
  temperature: 1.0

[0:00:00 INFO]: Saved checkpoint to experiments/procgen_novice/last.ckpt
[0:00:00 INFO]: Evaluating on test split
[0:00:13 INFO]:    Steps:         61610
   Episode length: mean  240.66  min   36.00  max  256.00
   Reward:         mean 0.43 ± 0.25
   Base Reward:    mean 0.00 ± 0.00
   Action 1 fraction:    0.07

[0:00:13 INFO]: Saved checkpoint to experiments/procgen_novice/best_test.ckpt
[0:00:13 INFO]: BEST test so far
[0:00:13 INFO]:    Steps:         61610
   Episode length: mean  240.66  min   36.00  max  256.00
   Reward:         mean 0.43 ± 0.25
   Base Reward:    mean 0.00 ± 0.00
   Action 1 fraction:    0.07

[0:01:46 INFO]: Iteration 10
[0:01:46 INFO]: Train 327680 steps:
[0:01:46 INFO]: 
   Reward:      mean    4.99 ±    5.00
   Base Reward: mean    0.00 ±    0.00
   Loss:        pg_loss -0.0020  v_loss  0.8968  ent_loss -2.6116  loss  0.4203
   Others:      advantage  0.0000 ±  0.9999  value  0.8026 ±  0.7522
   Action 1 frac:    0.05
   Action prob:    0.08
[0:01:46 INFO]: Saved checkpoint to experiments/procgen_novice/last.ckpt
[0:01:46 INFO]: Evaluating on test split
[0:01:59 INFO]:    Steps:         21863
   Episode length: mean   85.40  min   16.00  max  256.00
   Reward:         mean 5.08 ± 0.61
   Base Reward:    mean 0.00 ± 0.00
   Action 1 fraction:    0.03

[0:01:59 INFO]: Saved checkpoint to experiments/procgen_novice/best_test.ckpt
[0:01:59 INFO]: BEST test so far
[0:01:59 INFO]:    Steps:         21863
   Episode length: mean   85.40  min   16.00  max  256.00
   Reward:         mean 5.08 ± 0.61
   Base Reward:    mean 0.00 ± 0.00
   Action 1 fraction:    0.03

[0:03:33 INFO]: Iteration 20
[0:03:33 INFO]: Train 655360 steps:
[0:03:34 INFO]: 
   Reward:      mean    5.54 ±    4.97
   Base Reward: mean    0.00 ±    0.00
   Loss:        pg_loss -0.0019  v_loss  1.1889  ent_loss -2.4782  loss  0.5678
   Others:      advantage  0.0000 ±  0.9999  value  1.5273 ±  1.6470
   Action 1 frac:    0.04
   Action prob:    0.10
[0:03:34 INFO]: Saved checkpoint to experiments/procgen_novice/last.ckpt
[0:03:34 INFO]: Evaluating on test split
[0:03:44 INFO]:    Steps:         14715
   Episode length: mean   57.48  min   17.00  max  175.00
   Reward:         mean 5.59 ± 0.61
   Base Reward:    mean 0.00 ± 0.00
   Action 1 fraction:    0.02

[0:03:44 INFO]: Saved checkpoint to experiments/procgen_novice/best_test.ckpt
[0:03:44 INFO]: BEST test so far
[0:03:44 INFO]:    Steps:         14715
   Episode length: mean   57.48  min   17.00  max  175.00
   Reward:         mean 5.59 ± 0.61
   Base Reward:    mean 0.00 ± 0.00
   Action 1 fraction:    0.02

[0:05:16 INFO]: Iteration 30
[0:05:16 INFO]: Train 983040 steps:
[0:05:17 INFO]: 
   Reward:      mean    5.89 ±    4.92
   Base Reward: mean    0.00 ±    0.00
   Loss:        pg_loss -0.0018  v_loss  1.3825  ent_loss -2.3426  loss  0.6660
   Others:      advantage -0.0000 ±  0.9999  value  2.2739 ±  2.3340
   Action 1 frac:    0.03
   Action prob:    0.13
[0:05:17 INFO]: Saved checkpoint to experiments/procgen_novice/last.ckpt
[0:05:17 INFO]: Evaluating on test split
[0:05:26 INFO]:    Steps:         15215
   Episode length: mean   59.43  min   17.00  max  216.00
   Reward:         mean 6.29 ± 0.59
   Base Reward:    mean 0.00 ± 0.00
   Action 1 fraction:    0.02

[0:05:26 INFO]: Saved checkpoint to experiments/procgen_novice/best_test.ckpt
[0:05:26 INFO]: BEST test so far
[0:05:26 INFO]:    Steps:         15215
   Episode length: mean   59.43  min   17.00  max  216.00
   Reward:         mean 6.29 ± 0.59
   Base Reward:    mean 0.00 ± 0.00
   Action 1 fraction:    0.02

[0:07:00 INFO]: Iteration 40
[0:07:00 INFO]: Train 1310720 steps:
[0:07:01 INFO]: 
   Reward:      mean    6.05 ±    4.89
   Base Reward: mean    0.00 ±    0.00
   Loss:        pg_loss -0.0017  v_loss  1.4940  ent_loss -2.2743  loss  0.7225
   Others:      advantage  0.0000 ±  0.9999  value  2.7103 ±  2.6122
   Action 1 frac:    0.03
   Action prob:    0.14
[0:07:01 INFO]: Saved checkpoint to experiments/procgen_novice/last.ckpt
[0:07:01 INFO]: Evaluating on test split
[0:07:10 INFO]:    Steps:         13842
   Episode length: mean   54.07  min   18.00  max  217.00
   Reward:         mean 6.17 ± 0.60
   Base Reward:    mean 0.00 ± 0.00
   Action 1 fraction:    0.02

[0:07:10 INFO]: BEST test so far
[0:07:10 INFO]:    Steps:         15215
   Episode length: mean   59.43  min   17.00  max  216.00
   Reward:         mean 6.29 ± 0.59
   Base Reward:    mean 0.00 ± 0.00
   Action 1 fraction:    0.02

[0:08:41 INFO]: Iteration 50
[0:08:41 INFO]: Train 1638400 steps:
[0:08:42 INFO]: 
   Reward:      mean    6.18 ±    4.86
   Base Reward: mean    0.00 ±    0.00
   Loss:        pg_loss -0.0018  v_loss  1.5655  ent_loss -2.2238  loss  0.7588
   Others:      advantage  0.0000 ±  0.9999  value  3.0717 ±  2.7956
   Action 1 frac:    0.03
   Action prob:    0.15
[0:08:42 INFO]: Saved checkpoint to experiments/procgen_novice/last.ckpt
[0:08:42 INFO]: Evaluating on test split
[0:08:51 INFO]:    Steps:         13359
   Episode length: mean   52.18  min   17.00  max  209.00
   Reward:         mean 7.11 ± 0.56
   Base Reward:    mean 0.00 ± 0.00
   Action 1 fraction:    0.01

[0:08:51 INFO]: Saved checkpoint to experiments/procgen_novice/best_test.ckpt
[0:08:51 INFO]: BEST test so far
[0:08:51 INFO]:    Steps:         13359
   Episode length: mean   52.18  min   17.00  max  209.00
   Reward:         mean 7.11 ± 0.56
   Base Reward:    mean 0.00 ± 0.00
   Action 1 fraction:    0.01

[0:10:22 INFO]: Iteration 60
[0:10:22 INFO]: Train 1966080 steps:
[0:10:23 INFO]: 
   Reward:      mean    6.33 ±    4.82
   Base Reward: mean    0.00 ±    0.00
   Loss:        pg_loss -0.0019  v_loss  1.6113  ent_loss -2.1846  loss  0.7819
   Others:      advantage  0.0000 ±  0.9999  value  3.3468 ±  2.8837
   Action 1 frac:    0.03
   Action prob:    0.17
[0:10:23 INFO]: Saved checkpoint to experiments/procgen_novice/last.ckpt
[0:10:23 INFO]: Evaluating on test split
[0:10:32 INFO]:    Steps:         13010
   Episode length: mean   50.82  min   18.00  max  220.00
   Reward:         mean 6.95 ± 0.56
   Base Reward:    mean 0.00 ± 0.00
   Action 1 fraction:    0.02

[0:10:32 INFO]: BEST test so far
[0:10:32 INFO]:    Steps:         13359
   Episode length: mean   52.18  min   17.00  max  209.00
   Reward:         mean 7.11 ± 0.56
   Base Reward:    mean 0.00 ± 0.00
   Action 1 fraction:    0.01

[0:12:03 INFO]: Iteration 70
[0:12:03 INFO]: Train 2293760 steps:
[0:12:04 INFO]: 
   Reward:      mean    6.48 ±    4.78
   Base Reward: mean    0.00 ±    0.00
   Loss:        pg_loss -0.0019  v_loss  1.6609  ent_loss -2.1453  loss  0.8071
   Others:      advantage -0.0000 ±  0.9999  value  3.6530 ±  2.9750
   Action 1 frac:    0.02
   Action prob:    0.18
[0:12:04 INFO]: Saved checkpoint to experiments/procgen_novice/last.ckpt
[0:12:04 INFO]: Evaluating on test split
[0:12:12 INFO]:    Steps:         13615
   Episode length: mean   53.18  min   18.00  max  193.00
   Reward:         mean 6.88 ± 0.57
   Base Reward:    mean 0.00 ± 0.00
   Action 1 fraction:    0.01

[0:12:12 INFO]: BEST test so far
[0:12:12 INFO]:    Steps:         13359
   Episode length: mean   52.18  min   17.00  max  209.00
   Reward:         mean 7.11 ± 0.56
   Base Reward:    mean 0.00 ± 0.00
   Action 1 fraction:    0.01

[0:13:49 INFO]: Iteration 80
[0:13:49 INFO]: Train 2621440 steps:
[0:13:51 INFO]: 
   Reward:      mean    6.62 ±    4.73
   Base Reward: mean    0.00 ±    0.00
   Loss:        pg_loss -0.0020  v_loss  1.6925  ent_loss -2.1118  loss  0.8231
   Others:      advantage -0.0000 ±  0.9999  value  3.9112 ±  3.0233
   Action 1 frac:    0.02
   Action prob:    0.19
[0:13:51 INFO]: Saved checkpoint to experiments/procgen_novice/last.ckpt
[0:13:51 INFO]: Evaluating on test split
[0:14:00 INFO]:    Steps:         13914
   Episode length: mean   54.35  min   18.00  max  189.00
   Reward:         mean 7.38 ± 0.54
   Base Reward:    mean 0.00 ± 0.00
   Action 1 fraction:    0.01

[0:14:00 INFO]: Saved checkpoint to experiments/procgen_novice/best_test.ckpt
[0:14:00 INFO]: BEST test so far
[0:14:00 INFO]:    Steps:         13914
   Episode length: mean   54.35  min   18.00  max  189.00
   Reward:         mean 7.38 ± 0.54
   Base Reward:    mean 0.00 ± 0.00
   Action 1 fraction:    0.01

[0:15:34 INFO]: Iteration 90
[0:15:34 INFO]: Train 2949120 steps:
[0:15:36 INFO]: 
   Reward:      mean    6.74 ±    4.69
   Base Reward: mean    0.00 ±    0.00
   Loss:        pg_loss -0.0021  v_loss  1.7094  ent_loss -2.0915  loss  0.8317
   Others:      advantage  0.0000 ±  0.9999  value  4.1144 ±  3.0365
   Action 1 frac:    0.02
   Action prob:    0.20
[0:15:36 INFO]: Saved checkpoint to experiments/procgen_novice/last.ckpt
[0:15:36 INFO]: Evaluating on test split
[0:15:44 INFO]:    Steps:         14120
   Episode length: mean   55.16  min   18.00  max  171.00
   Reward:         mean 8.01 ± 0.49
   Base Reward:    mean 0.00 ± 0.00
   Action 1 fraction:    0.01

[0:15:44 INFO]: Saved checkpoint to experiments/procgen_novice/best_test.ckpt
[0:15:44 INFO]: BEST test so far
[0:15:44 INFO]:    Steps:         14120
   Episode length: mean   55.16  min   18.00  max  171.00
   Reward:         mean 8.01 ± 0.49
   Base Reward:    mean 0.00 ± 0.00
   Action 1 fraction:    0.01

[0:17:15 INFO]: Iteration 100
[0:17:15 INFO]: Train 3276800 steps:
[0:17:17 INFO]: 
   Reward:      mean    6.86 ±    4.64
   Base Reward: mean    0.00 ±    0.00
   Loss:        pg_loss -0.0023  v_loss  1.7227  ent_loss -2.0740  loss  0.8383
   Others:      advantage  0.0000 ±  0.9999  value  4.3232 ±  3.0534
   Action 1 frac:    0.02
   Action prob:    0.20
[0:17:18 INFO]: Saved checkpoint to experiments/procgen_novice/last.ckpt
[0:17:18 INFO]: Evaluating on test split
[0:17:27 INFO]:    Steps:         15430
   Episode length: mean   60.27  min   19.00  max  201.00
   Reward:         mean 8.20 ± 0.47
   Base Reward:    mean 0.00 ± 0.00
   Action 1 fraction:    0.02

[0:17:27 INFO]: Saved checkpoint to experiments/procgen_novice/best_test.ckpt
[0:17:27 INFO]: BEST test so far
[0:17:27 INFO]:    Steps:         15430
   Episode length: mean   60.27  min   19.00  max  201.00
   Reward:         mean 8.20 ± 0.47
   Base Reward:    mean 0.00 ± 0.00
   Action 1 fraction:    0.02

[0:19:00 INFO]: Iteration 110
[0:19:00 INFO]: Train 3604480 steps:
[0:19:02 INFO]: 
   Reward:      mean    6.98 ±    4.59
   Base Reward: mean    0.00 ±    0.00
   Loss:        pg_loss -0.0024  v_loss  1.7208  ent_loss -2.0630  loss  0.8374
   Others:      advantage -0.0000 ±  0.9999  value  4.5098 ±  3.0491
   Action 1 frac:    0.02
   Action prob:    0.21
[0:19:02 INFO]: Saved checkpoint to experiments/procgen_novice/last.ckpt
[0:19:02 INFO]: Evaluating on test split
[0:19:10 INFO]:    Steps:         15413
   Episode length: mean   60.21  min   18.00  max  205.00
   Reward:         mean 8.20 ± 0.47
   Base Reward:    mean 0.00 ± 0.00
   Action 1 fraction:    0.02

[0:19:10 INFO]: BEST test so far
[0:19:10 INFO]:    Steps:         15430
   Episode length: mean   60.27  min   19.00  max  201.00
   Reward:         mean 8.20 ± 0.47
   Base Reward:    mean 0.00 ± 0.00
   Action 1 fraction:    0.02

[0:20:43 INFO]: Iteration 120
[0:20:43 INFO]: Train 3932160 steps:
[0:20:46 INFO]: 
   Reward:      mean    7.08 ±    4.55
   Base Reward: mean    0.00 ±    0.00
   Loss:        pg_loss -0.0025  v_loss  1.7149  ent_loss -2.0572  loss  0.8344
   Others:      advantage -0.0000 ±  0.9999  value  4.6568 ±  3.0307
   Action 1 frac:    0.02
   Action prob:    0.21
[0:20:46 INFO]: Saved checkpoint to experiments/procgen_novice/last.ckpt
[0:20:46 INFO]: Evaluating on test split
[0:20:54 INFO]:    Steps:         17212
   Episode length: mean   67.23  min   18.00  max  186.00
   Reward:         mean 8.12 ± 0.48
   Base Reward:    mean 0.00 ± 0.00
   Action 1 fraction:    0.02

[0:20:54 INFO]: BEST test so far
[0:20:54 INFO]:    Steps:         15430
   Episode length: mean   60.27  min   19.00  max  201.00
   Reward:         mean 8.20 ± 0.47
   Base Reward:    mean 0.00 ± 0.00
   Action 1 fraction:    0.02

[0:22:25 INFO]: Iteration 130
[0:22:25 INFO]: Train 4259840 steps:
[0:22:28 INFO]: 
   Reward:      mean    7.18 ±    4.50
   Base Reward: mean    0.00 ±    0.00
   Loss:        pg_loss -0.0026  v_loss  1.7125  ent_loss -2.0512  loss  0.8331
   Others:      advantage -0.0000 ±  0.9999  value  4.8188 ±  3.0248
   Action 1 frac:    0.02
   Action prob:    0.21
[0:22:28 INFO]: Saved checkpoint to experiments/procgen_novice/last.ckpt
[0:22:28 INFO]: Evaluating on test split
[0:22:38 INFO]:    Steps:         16329
   Episode length: mean   63.79  min   18.00  max  256.00
   Reward:         mean 8.32 ± 0.46
   Base Reward:    mean 0.00 ± 0.00
   Action 1 fraction:    0.01

[0:22:38 INFO]: Saved checkpoint to experiments/procgen_novice/best_test.ckpt
[0:22:38 INFO]: BEST test so far
[0:22:38 INFO]:    Steps:         16329
   Episode length: mean   63.79  min   18.00  max  256.00
   Reward:         mean 8.32 ± 0.46
   Base Reward:    mean 0.00 ± 0.00
   Action 1 fraction:    0.01

[0:24:10 INFO]: Iteration 140
[0:24:10 INFO]: Train 4587520 steps:
[0:24:13 INFO]: 
   Reward:      mean    7.28 ±    4.45
   Base Reward: mean    0.00 ±    0.00
   Loss:        pg_loss -0.0027  v_loss  1.7031  ent_loss -2.0463  loss  0.8284
   Others:      advantage -0.0000 ±  0.9999  value  4.9588 ±  3.0066
   Action 1 frac:    0.02
   Action prob:    0.21
[0:24:13 INFO]: Saved checkpoint to experiments/procgen_novice/last.ckpt
[0:24:13 INFO]: Evaluating on test split
[0:24:23 INFO]:    Steps:         17664
   Episode length: mean   69.00  min   19.00  max  229.00
   Reward:         mean 8.55 ± 0.43
   Base Reward:    mean 0.00 ± 0.00
   Action 1 fraction:    0.02

[0:24:23 INFO]: Saved checkpoint to experiments/procgen_novice/best_test.ckpt
[0:24:23 INFO]: BEST test so far
[0:24:23 INFO]:    Steps:         17664
   Episode length: mean   69.00  min   19.00  max  229.00
   Reward:         mean 8.55 ± 0.43
   Base Reward:    mean 0.00 ± 0.00
   Action 1 fraction:    0.02

[0:25:55 INFO]: Iteration 150
[0:25:55 INFO]: Train 4915200 steps:
[0:25:58 INFO]: 
   Reward:      mean    7.37 ±    4.40
   Base Reward: mean    0.00 ±    0.00
   Loss:        pg_loss -0.0028  v_loss  1.6972  ent_loss -2.0406  loss  0.8254
   Others:      advantage -0.0000 ±  0.9999  value  5.0895 ±  2.9924
   Action 1 frac:    0.02
   Action prob:    0.21
[0:25:58 INFO]: Saved checkpoint to experiments/procgen_novice/last.ckpt
[0:25:58 INFO]: Evaluating on test split
[0:26:07 INFO]:    Steps:         16170
   Episode length: mean   63.16  min   18.00  max  175.00
   Reward:         mean 8.75 ± 0.41
   Base Reward:    mean 0.00 ± 0.00
   Action 1 fraction:    0.02

[0:26:07 INFO]: Saved checkpoint to experiments/procgen_novice/best_test.ckpt
[0:26:07 INFO]: BEST test so far
[0:26:07 INFO]:    Steps:         16170
   Episode length: mean   63.16  min   18.00  max  175.00
   Reward:         mean 8.75 ± 0.41
   Base Reward:    mean 0.00 ± 0.00
   Action 1 fraction:    0.02

[0:27:39 INFO]: Iteration 160
[0:27:39 INFO]: Train 5242880 steps:
[0:27:42 INFO]: 
   Reward:      mean    7.45 ±    4.36
   Base Reward: mean    0.00 ±    0.00
   Loss:        pg_loss -0.0029  v_loss  1.6944  ent_loss -2.0324  loss  0.8240
   Others:      advantage -0.0000 ±  0.9999  value  5.2402 ±  2.9899
   Action 1 frac:    0.02
   Action prob:    0.22
[0:27:42 INFO]: Saved checkpoint to experiments/procgen_novice/last.ckpt
[0:27:42 INFO]: Evaluating on test split
[0:27:51 INFO]:    Steps:         14647
   Episode length: mean   57.21  min   19.00  max  192.00
   Reward:         mean 8.75 ± 0.41
   Base Reward:    mean 0.00 ± 0.00
   Action 1 fraction:    0.02

[0:27:51 INFO]: BEST test so far
[0:27:51 INFO]:    Steps:         16170
   Episode length: mean   63.16  min   18.00  max  175.00
   Reward:         mean 8.75 ± 0.41
   Base Reward:    mean 0.00 ± 0.00
   Action 1 fraction:    0.02

[0:29:26 INFO]: Iteration 170
[0:29:26 INFO]: Train 5570560 steps:
[0:29:29 INFO]: 
   Reward:      mean    7.53 ±    4.31
   Base Reward: mean    0.00 ±    0.00
   Loss:        pg_loss -0.0029  v_loss  1.6916  ent_loss -2.0228  loss  0.8227
   Others:      advantage  0.0000 ±  0.9999  value  5.3753 ±  2.9808
   Action 1 frac:    0.02
   Action prob:    0.22
[0:29:29 INFO]: Saved checkpoint to experiments/procgen_novice/last.ckpt
[0:29:29 INFO]: Evaluating on test split
[0:29:37 INFO]:    Steps:         15641
   Episode length: mean   61.10  min   17.00  max  177.00
   Reward:         mean 8.91 ± 0.38
   Base Reward:    mean 0.00 ± 0.00
   Action 1 fraction:    0.02

[0:29:37 INFO]: Saved checkpoint to experiments/procgen_novice/best_test.ckpt
[0:29:37 INFO]: BEST test so far
[0:29:37 INFO]:    Steps:         15641
   Episode length: mean   61.10  min   17.00  max  177.00
   Reward:         mean 8.91 ± 0.38
   Base Reward:    mean 0.00 ± 0.00
   Action 1 fraction:    0.02

[0:31:09 INFO]: Iteration 180
[0:31:09 INFO]: Train 5898240 steps:
[0:31:13 INFO]: 
   Reward:      mean    7.61 ±    4.27
   Base Reward: mean    0.00 ±    0.00
   Loss:        pg_loss -0.0029  v_loss  1.6963  ent_loss -2.0116  loss  0.8251
   Others:      advantage  0.0000 ±  0.9999  value  5.5198 ±  2.9791
   Action 1 frac:    0.02
   Action prob:    0.22
[0:31:13 INFO]: Saved checkpoint to experiments/procgen_novice/last.ckpt
[0:31:13 INFO]: Evaluating on test split
[0:31:24 INFO]:    Steps:         15116
   Episode length: mean   59.05  min   19.00  max  200.00
   Reward:         mean 8.91 ± 0.38
   Base Reward:    mean 0.00 ± 0.00
   Action 1 fraction:    0.02

[0:31:24 INFO]: BEST test so far
[0:31:24 INFO]:    Steps:         15641
   Episode length: mean   61.10  min   17.00  max  177.00
   Reward:         mean 8.91 ± 0.38
   Base Reward:    mean 0.00 ± 0.00
   Action 1 fraction:    0.02

[0:32:57 INFO]: Iteration 190
[0:32:57 INFO]: Train 6225920 steps:
[0:33:01 INFO]: 
   Reward:      mean    7.67 ±    4.22
   Base Reward: mean    0.00 ±    0.00
   Loss:        pg_loss -0.0030  v_loss  1.7029  ent_loss -2.0002  loss  0.8285
   Others:      advantage  0.0000 ±  0.9999  value  5.6619 ±  2.9785
   Action 1 frac:    0.02
   Action prob:    0.23
[0:33:01 INFO]: Saved checkpoint to experiments/procgen_novice/last.ckpt
[0:33:01 INFO]: Evaluating on test split
[0:33:10 INFO]:    Steps:         15214
   Episode length: mean   59.43  min   19.00  max  209.00
   Reward:         mean 9.18 ± 0.34
   Base Reward:    mean 0.00 ± 0.00
   Action 1 fraction:    0.01

[0:33:10 INFO]: Saved checkpoint to experiments/procgen_novice/best_test.ckpt
[0:33:10 INFO]: BEST test so far
[0:33:10 INFO]:    Steps:         15214
   Episode length: mean   59.43  min   19.00  max  209.00
   Reward:         mean 9.18 ± 0.34
   Base Reward:    mean 0.00 ± 0.00
   Action 1 fraction:    0.01

[0:34:44 INFO]: Iteration 200
[0:34:44 INFO]: Train 6553600 steps:
[0:34:48 INFO]: 
   Reward:      mean    7.74 ±    4.18
   Base Reward: mean    0.00 ±    0.00
   Loss:        pg_loss -0.0029  v_loss  1.7076  ent_loss -1.9894  loss  0.8309
   Others:      advantage  0.0000 ±  0.9999  value  5.7859 ±  2.9684
   Action 1 frac:    0.02
   Action prob:    0.23
[0:34:48 INFO]: Saved checkpoint to experiments/procgen_novice/last.ckpt
[0:34:48 INFO]: Evaluating on test split
[0:34:57 INFO]:    Steps:         14883
   Episode length: mean   58.14  min   18.00  max  186.00
   Reward:         mean 8.71 ± 0.41
   Base Reward:    mean 0.00 ± 0.00
   Action 1 fraction:    0.01

[0:34:57 INFO]: BEST test so far
[0:34:57 INFO]:    Steps:         15214
   Episode length: mean   59.43  min   19.00  max  209.00
   Reward:         mean 9.18 ± 0.34
   Base Reward:    mean 0.00 ± 0.00
   Action 1 fraction:    0.01

[0:36:28 INFO]: Iteration 210
[0:36:28 INFO]: Train 6881280 steps:
[0:36:33 INFO]: 
   Reward:      mean    7.79 ±    4.15
   Base Reward: mean    0.00 ±    0.00
   Loss:        pg_loss -0.0030  v_loss  1.7075  ent_loss -1.9793  loss  0.8310
   Others:      advantage  0.0000 ±  0.9999  value  5.8876 ±  2.9488
   Action 1 frac:    0.02
   Action prob:    0.23
[0:36:33 INFO]: Saved checkpoint to experiments/procgen_novice/last.ckpt
[0:36:33 INFO]: Evaluating on test split
[0:36:41 INFO]:    Steps:         14627
   Episode length: mean   57.14  min   18.00  max  235.00
   Reward:         mean 8.40 ± 0.45
   Base Reward:    mean 0.00 ± 0.00
   Action 1 fraction:    0.01

[0:36:41 INFO]: BEST test so far
[0:36:41 INFO]:    Steps:         15214
   Episode length: mean   59.43  min   19.00  max  209.00
   Reward:         mean 9.18 ± 0.34
   Base Reward:    mean 0.00 ± 0.00
   Action 1 fraction:    0.01

[0:38:16 INFO]: Iteration 220
[0:38:16 INFO]: Train 7208960 steps:
[0:38:20 INFO]: 
   Reward:      mean    7.84 ±    4.12
   Base Reward: mean    0.00 ±    0.00
   Loss:        pg_loss -0.0030  v_loss  1.7025  ent_loss -1.9709  loss  0.8286
   Others:      advantage  0.0000 ±  0.9999  value  5.9570 ±  2.9203
   Action 1 frac:    0.02
   Action prob:    0.23
[0:38:20 INFO]: Saved checkpoint to experiments/procgen_novice/last.ckpt
[0:38:20 INFO]: Evaluating on test split
[0:38:31 INFO]:    Steps:         16027
   Episode length: mean   62.61  min   18.00  max  228.00
   Reward:         mean 9.30 ± 0.31
   Base Reward:    mean 0.00 ± 0.00
   Action 1 fraction:    0.01

[0:38:31 INFO]: Saved checkpoint to experiments/procgen_novice/best_test.ckpt
[0:38:31 INFO]: BEST test so far
[0:38:31 INFO]:    Steps:         16027
   Episode length: mean   62.61  min   18.00  max  228.00
   Reward:         mean 9.30 ± 0.31
   Base Reward:    mean 0.00 ± 0.00
   Action 1 fraction:    0.01

[0:40:05 INFO]: Iteration 230
[0:40:05 INFO]: Train 7536640 steps:
[0:40:10 INFO]: 
   Reward:      mean    7.88 ±    4.09
   Base Reward: mean    0.00 ±    0.00
   Loss:        pg_loss -0.0031  v_loss  1.6972  ent_loss -1.9662  loss  0.8259
   Others:      advantage  0.0000 ±  0.9999  value  6.0136 ±  2.8930
   Action 1 frac:    0.02
   Action prob:    0.24
[0:40:10 INFO]: Saved checkpoint to experiments/procgen_novice/last.ckpt
[0:40:10 INFO]: Evaluating on test split
[0:40:21 INFO]:    Steps:         17317
   Episode length: mean   67.64  min   17.00  max  228.00
   Reward:         mean 9.10 ± 0.35
   Base Reward:    mean 0.00 ± 0.00
   Action 1 fraction:    0.01

[0:40:21 INFO]: BEST test so far
[0:40:21 INFO]:    Steps:         16027
   Episode length: mean   62.61  min   18.00  max  228.00
   Reward:         mean 9.30 ± 0.31
   Base Reward:    mean 0.00 ± 0.00
   Action 1 fraction:    0.01

[0:41:53 INFO]: Iteration 240
[0:41:53 INFO]: Train 7864320 steps:
[0:41:58 INFO]: 
   Reward:      mean    7.92 ±    4.06
   Base Reward: mean    0.00 ±    0.00
   Loss:        pg_loss -0.0031  v_loss  1.6918  ent_loss -1.9647  loss  0.8231
   Others:      advantage  0.0000 ±  0.9999  value  6.0718 ±  2.8688
   Action 1 frac:    0.02
   Action prob:    0.24
[0:41:58 INFO]: Saved checkpoint to experiments/procgen_novice/last.ckpt
[0:41:58 INFO]: Evaluating on test split
[0:42:10 INFO]:    Steps:         17150
   Episode length: mean   66.99  min   19.00  max  256.00
   Reward:         mean 9.10 ± 0.35
   Base Reward:    mean 0.00 ± 0.00
   Action 1 fraction:    0.01

[0:42:10 INFO]: BEST test so far
[0:42:10 INFO]:    Steps:         16027
   Episode length: mean   62.61  min   18.00  max  228.00
   Reward:         mean 9.30 ± 0.31
   Base Reward:    mean 0.00 ± 0.00
   Action 1 fraction:    0.01

[0:43:44 INFO]: Iteration 250
[0:43:44 INFO]: Train 8192000 steps:
[0:43:49 INFO]: 
   Reward:      mean    7.95 ±    4.04
   Base Reward: mean    0.00 ±    0.00
   Loss:        pg_loss -0.0031  v_loss  1.6892  ent_loss -1.9627  loss  0.8219
   Others:      advantage  0.0000 ±  0.9999  value  6.1338 ±  2.8454
   Action 1 frac:    0.02
   Action prob:    0.24
[0:43:49 INFO]: Saved checkpoint to experiments/procgen_novice/last.ckpt
[0:43:49 INFO]: Evaluating on test split
[0:44:00 INFO]:    Steps:         17136
   Episode length: mean   66.94  min   18.00  max  256.00
   Reward:         mean 8.95 ± 0.38
   Base Reward:    mean 0.00 ± 0.00
   Action 1 fraction:    0.01

[0:44:00 INFO]: BEST test so far
[0:44:00 INFO]:    Steps:         16027
   Episode length: mean   62.61  min   18.00  max  228.00
   Reward:         mean 9.30 ± 0.31
   Base Reward:    mean 0.00 ± 0.00
   Action 1 fraction:    0.01

[0:45:34 INFO]: Iteration 260
[0:45:34 INFO]: Train 8519680 steps:
[0:45:39 INFO]: 
   Reward:      mean    7.99 ±    4.01
   Base Reward: mean    0.00 ±    0.00
   Loss:        pg_loss -0.0031  v_loss  1.6859  ent_loss -1.9608  loss  0.8202
   Others:      advantage  0.0000 ±  0.9999  value  6.1946 ±  2.8244
   Action 1 frac:    0.02
   Action prob:    0.24
[0:45:39 INFO]: Saved checkpoint to experiments/procgen_novice/last.ckpt
[0:45:39 INFO]: Evaluating on test split
[0:45:47 INFO]:    Steps:         15794
   Episode length: mean   61.70  min   18.00  max  216.00
   Reward:         mean 9.02 ± 0.36
   Base Reward:    mean 0.00 ± 0.00
   Action 1 fraction:    0.01

[0:45:47 INFO]: BEST test so far
[0:45:47 INFO]:    Steps:         16027
   Episode length: mean   62.61  min   18.00  max  228.00
   Reward:         mean 9.30 ± 0.31
   Base Reward:    mean 0.00 ± 0.00
   Action 1 fraction:    0.01

[0:47:19 INFO]: Iteration 270
[0:47:19 INFO]: Train 8847360 steps:
[0:47:24 INFO]: 
   Reward:      mean    8.02 ±    3.98
   Base Reward: mean    0.00 ±    0.00
   Loss:        pg_loss -0.0032  v_loss  1.6809  ent_loss -1.9598  loss  0.8177
   Others:      advantage  0.0000 ±  0.9999  value  6.2460 ±  2.8019
   Action 1 frac:    0.02
   Action prob:    0.24
[0:47:24 INFO]: Saved checkpoint to experiments/procgen_novice/last.ckpt
[0:47:24 INFO]: Evaluating on test split
[0:47:35 INFO]:    Steps:         16829
   Episode length: mean   65.74  min   18.00  max  256.00
   Reward:         mean 8.75 ± 0.41
   Base Reward:    mean 0.00 ± 0.00
   Action 1 fraction:    0.01

[0:47:35 INFO]: BEST test so far
[0:47:35 INFO]:    Steps:         16027
   Episode length: mean   62.61  min   18.00  max  228.00
   Reward:         mean 9.30 ± 0.31
   Base Reward:    mean 0.00 ± 0.00
   Action 1 fraction:    0.01

[0:49:08 INFO]: Iteration 280
[0:49:08 INFO]: Train 9175040 steps:
[0:49:14 INFO]: 
   Reward:      mean    8.06 ±    3.96
   Base Reward: mean    0.00 ±    0.00
   Loss:        pg_loss -0.0032  v_loss  1.6775  ent_loss -1.9573  loss  0.8159
   Others:      advantage  0.0000 ±  0.9999  value  6.2966 ±  2.7803
   Action 1 frac:    0.02
   Action prob:    0.24
[0:49:14 INFO]: Saved checkpoint to experiments/procgen_novice/last.ckpt
[0:49:14 INFO]: Evaluating on test split
[0:49:24 INFO]:    Steps:         16259
   Episode length: mean   63.51  min   18.00  max  214.00
   Reward:         mean 8.91 ± 0.38
   Base Reward:    mean 0.00 ± 0.00
   Action 1 fraction:    0.01

[0:49:24 INFO]: BEST test so far
[0:49:24 INFO]:    Steps:         16027
   Episode length: mean   62.61  min   18.00  max  228.00
   Reward:         mean 9.30 ± 0.31
   Base Reward:    mean 0.00 ± 0.00
   Action 1 fraction:    0.01

[0:50:58 INFO]: Iteration 290
[0:50:58 INFO]: Train 9502720 steps:
[0:51:04 INFO]: 
   Reward:      mean    8.08 ±    3.94
   Base Reward: mean    0.00 ±    0.00
   Loss:        pg_loss -0.0033  v_loss  1.6737  ent_loss -1.9545  loss  0.8140
   Others:      advantage  0.0000 ±  0.9999  value  6.3343 ±  2.7572
   Action 1 frac:    0.02
   Action prob:    0.24
[0:51:04 INFO]: Saved checkpoint to experiments/procgen_novice/last.ckpt
[0:51:04 INFO]: Evaluating on test split
[0:51:15 INFO]:    Steps:         15795
   Episode length: mean   61.70  min   18.00  max  220.00
   Reward:         mean 8.98 ± 0.37
   Base Reward:    mean 0.00 ± 0.00
   Action 1 fraction:    0.01

[0:51:15 INFO]: BEST test so far
[0:51:15 INFO]:    Steps:         16027
   Episode length: mean   62.61  min   18.00  max  228.00
   Reward:         mean 9.30 ± 0.31
   Base Reward:    mean 0.00 ± 0.00
   Action 1 fraction:    0.01

[0:52:47 INFO]: Iteration 300
[0:52:47 INFO]: Train 9830400 steps:
[0:52:53 INFO]: 
   Reward:      mean    8.11 ±    3.92
   Base Reward: mean    0.00 ±    0.00
   Loss:        pg_loss -0.0034  v_loss  1.6708  ent_loss -1.9523  loss  0.8125
   Others:      advantage  0.0000 ±  0.9999  value  6.3776 ±  2.7381
   Action 1 frac:    0.02
   Action prob:    0.24
[0:52:53 INFO]: Saved checkpoint to experiments/procgen_novice/last.ckpt
[0:52:53 INFO]: Evaluating on test split
[0:53:04 INFO]:    Steps:         16727
   Episode length: mean   65.34  min   18.00  max  244.00
   Reward:         mean 9.06 ± 0.36
   Base Reward:    mean 0.00 ± 0.00
   Action 1 fraction:    0.01

[0:53:04 INFO]: BEST test so far
[0:53:04 INFO]:    Steps:         16027
   Episode length: mean   62.61  min   18.00  max  228.00
   Reward:         mean 9.30 ± 0.31
   Base Reward:    mean 0.00 ± 0.00
   Action 1 fraction:    0.01

[0:54:36 INFO]: Iteration 310
[0:54:36 INFO]: Train 10158080 steps:
[0:54:42 INFO]: 
   Reward:      mean    8.14 ±    3.89
   Base Reward: mean    0.00 ±    0.00
   Loss:        pg_loss -0.0034  v_loss  1.6719  ent_loss -1.9489  loss  0.8131
   Others:      advantage  0.0000 ±  0.9999  value  6.4371 ±  2.7261
   Action 1 frac:    0.02
   Action prob:    0.24
[0:54:42 INFO]: Saved checkpoint to experiments/procgen_novice/last.ckpt
[0:54:42 INFO]: Evaluating on test split
[0:54:52 INFO]:    Steps:         14322
   Episode length: mean   55.95  min   18.00  max  176.00
   Reward:         mean 8.98 ± 0.37
   Base Reward:    mean 0.00 ± 0.00
   Action 1 fraction:    0.00

[0:54:52 INFO]: BEST test so far
[0:54:52 INFO]:    Steps:         16027
   Episode length: mean   62.61  min   18.00  max  228.00
   Reward:         mean 9.30 ± 0.31
   Base Reward:    mean 0.00 ± 0.00
   Action 1 fraction:    0.01

[0:56:21 INFO]: Iteration 320
[0:56:21 INFO]: Train 10485760 steps:
[0:56:28 INFO]: 
   Reward:      mean    8.17 ±    3.87
   Base Reward: mean    0.00 ±    0.00
   Loss:        pg_loss -0.0034  v_loss  1.6749  ent_loss -1.9431  loss  0.8146
   Others:      advantage  0.0000 ±  0.9999  value  6.5023 ±  2.7172
   Action 1 frac:    0.02
   Action prob:    0.24
[0:56:28 INFO]: Saved checkpoint to experiments/procgen_novice/last.ckpt
[0:56:28 INFO]: Evaluating on test split
[0:56:39 INFO]:    Steps:         15616
   Episode length: mean   61.00  min   18.00  max  229.00
   Reward:         mean 8.98 ± 0.37
   Base Reward:    mean 0.00 ± 0.00
   Action 1 fraction:    0.00

[0:56:39 INFO]: BEST test so far
[0:56:39 INFO]:    Steps:         16027
   Episode length: mean   62.61  min   18.00  max  228.00
   Reward:         mean 9.30 ± 0.31
   Base Reward:    mean 0.00 ± 0.00
   Action 1 fraction:    0.01

[0:58:12 INFO]: Iteration 330
[0:58:12 INFO]: Train 10813440 steps:
[0:58:18 INFO]: 
   Reward:      mean    8.19 ±    3.85
   Base Reward: mean    0.00 ±    0.00
   Loss:        pg_loss -0.0034  v_loss  1.6774  ent_loss -1.9368  loss  0.8159
   Others:      advantage  0.0000 ±  0.9999  value  6.5631 ±  2.7062
   Action 1 frac:    0.01
   Action prob:    0.24
[0:58:18 INFO]: Saved checkpoint to experiments/procgen_novice/last.ckpt
[0:58:18 INFO]: Evaluating on test split
[0:58:28 INFO]:    Steps:         15986
   Episode length: mean   62.45  min   19.00  max  188.00
   Reward:         mean 9.14 ± 0.34
   Base Reward:    mean 0.00 ± 0.00
   Action 1 fraction:    0.00

[0:58:28 INFO]: BEST test so far
[0:58:28 INFO]:    Steps:         16027
   Episode length: mean   62.61  min   18.00  max  228.00
   Reward:         mean 9.30 ± 0.31
   Base Reward:    mean 0.00 ± 0.00
   Action 1 fraction:    0.01

[1:00:01 INFO]: Iteration 340
[1:00:01 INFO]: Train 11141120 steps:
[1:00:08 INFO]: 
   Reward:      mean    8.22 ±    3.83
   Base Reward: mean    0.00 ±    0.00
   Loss:        pg_loss -0.0035  v_loss  1.6771  ent_loss -1.9316  loss  0.8157
   Others:      advantage  0.0000 ±  0.9999  value  6.6073 ±  2.6882
   Action 1 frac:    0.01
   Action prob:    0.25
[1:00:08 INFO]: Saved checkpoint to experiments/procgen_novice/last.ckpt
[1:00:08 INFO]: Evaluating on test split
[1:00:19 INFO]:    Steps:         14790
   Episode length: mean   57.77  min   19.00  max  234.00
   Reward:         mean 8.71 ± 0.41
   Base Reward:    mean 0.00 ± 0.00
   Action 1 fraction:    0.00

[1:00:19 INFO]: BEST test so far
[1:00:19 INFO]:    Steps:         16027
   Episode length: mean   62.61  min   18.00  max  228.00
   Reward:         mean 9.30 ± 0.31
   Base Reward:    mean 0.00 ± 0.00
   Action 1 fraction:    0.01

[1:01:52 INFO]: Iteration 350
[1:01:52 INFO]: Train 11468800 steps:
[1:01:59 INFO]: 
   Reward:      mean    8.24 ±    3.81
   Base Reward: mean    0.00 ±    0.00
   Loss:        pg_loss -0.0035  v_loss  1.6749  ent_loss -1.9282  loss  0.8147
   Others:      advantage  0.0000 ±  0.9999  value  6.6487 ±  2.6704
   Action 1 frac:    0.01
   Action prob:    0.25
[1:01:59 INFO]: Saved checkpoint to experiments/procgen_novice/last.ckpt
[1:01:59 INFO]: Evaluating on test split
[1:02:12 INFO]:    Steps:         18933
   Episode length: mean   73.96  min   19.00  max  256.00
   Reward:         mean 8.83 ± 0.39
   Base Reward:    mean 0.00 ± 0.00
   Action 1 fraction:    0.01

[1:02:12 INFO]: BEST test so far
[1:02:12 INFO]:    Steps:         16027
   Episode length: mean   62.61  min   18.00  max  228.00
   Reward:         mean 9.30 ± 0.31
   Base Reward:    mean 0.00 ± 0.00
   Action 1 fraction:    0.01

[1:03:46 INFO]: Iteration 360
[1:03:46 INFO]: Train 11796480 steps:
[1:03:53 INFO]: 
   Reward:      mean    8.26 ±    3.79
   Base Reward: mean    0.00 ±    0.00
   Loss:        pg_loss -0.0036  v_loss  1.6734  ent_loss -1.9245  loss  0.8139
   Others:      advantage  0.0000 ±  0.9999  value  6.6882 ±  2.6542
   Action 1 frac:    0.01
   Action prob:    0.25
[1:03:53 INFO]: Saved checkpoint to experiments/procgen_novice/last.ckpt
[1:03:53 INFO]: Evaluating on test split
[1:04:04 INFO]:    Steps:         15867
   Episode length: mean   61.98  min   18.00  max  256.00
   Reward:         mean 8.95 ± 0.38
   Base Reward:    mean 0.00 ± 0.00
   Action 1 fraction:    0.01

[1:04:04 INFO]: BEST test so far
[1:04:04 INFO]:    Steps:         16027
   Episode length: mean   62.61  min   18.00  max  228.00
   Reward:         mean 9.30 ± 0.31
   Base Reward:    mean 0.00 ± 0.00
   Action 1 fraction:    0.01

[1:05:37 INFO]: Iteration 370
[1:05:37 INFO]: Train 12124160 steps:
[1:05:44 INFO]: 
   Reward:      mean    8.28 ±    3.77
   Base Reward: mean    0.00 ±    0.00
   Loss:        pg_loss -0.0036  v_loss  1.6734  ent_loss -1.9210  loss  0.8139
   Others:      advantage  0.0000 ±  0.9999  value  6.7254 ±  2.6383
   Action 1 frac:    0.01
   Action prob:    0.25
[1:05:44 INFO]: Saved checkpoint to experiments/procgen_novice/last.ckpt
[1:05:44 INFO]: Evaluating on test split
[1:05:53 INFO]:    Steps:         15947
   Episode length: mean   62.29  min   19.00  max  216.00
   Reward:         mean 9.02 ± 0.36
   Base Reward:    mean 0.00 ± 0.00
   Action 1 fraction:    0.01

[1:05:53 INFO]: BEST test so far
[1:05:53 INFO]:    Steps:         16027
   Episode length: mean   62.61  min   18.00  max  228.00
   Reward:         mean 9.30 ± 0.31
   Base Reward:    mean 0.00 ± 0.00
   Action 1 fraction:    0.01

[1:07:24 INFO]: Iteration 380
[1:07:24 INFO]: Train 12451840 steps:
[1:07:32 INFO]: 
   Reward:      mean    8.30 ±    3.75
   Base Reward: mean    0.00 ±    0.00
   Loss:        pg_loss -0.0036  v_loss  1.6731  ent_loss -1.9176  loss  0.8138
   Others:      advantage  0.0000 ±  0.9999  value  6.7618 ±  2.6226
   Action 1 frac:    0.01
   Action prob:    0.25
[1:07:32 INFO]: Saved checkpoint to experiments/procgen_novice/last.ckpt
[1:07:32 INFO]: Evaluating on test split
[1:07:39 INFO]:    Steps:         15799
   Episode length: mean   61.71  min   18.00  max  191.00
   Reward:         mean 8.83 ± 0.39
   Base Reward:    mean 0.00 ± 0.00
   Action 1 fraction:    0.00

[1:07:39 INFO]: BEST test so far
[1:07:39 INFO]:    Steps:         16027
   Episode length: mean   62.61  min   18.00  max  228.00
   Reward:         mean 9.30 ± 0.31
   Base Reward:    mean 0.00 ± 0.00
   Action 1 fraction:    0.01

[1:09:12 INFO]: Iteration 390
[1:09:12 INFO]: Train 12779520 steps:
[1:09:20 INFO]: 
   Reward:      mean    8.32 ±    3.74
   Base Reward: mean    0.00 ±    0.00
   Loss:        pg_loss -0.0036  v_loss  1.6739  ent_loss -1.9136  loss  0.8142
   Others:      advantage  0.0000 ±  0.9999  value  6.7998 ±  2.6080
   Action 1 frac:    0.01
   Action prob:    0.25
[1:09:20 INFO]: Saved checkpoint to experiments/procgen_novice/last.ckpt
[1:09:20 INFO]: Evaluating on test split
[1:09:29 INFO]:    Steps:         16035
   Episode length: mean   62.64  min   18.00  max  194.00
   Reward:         mean 9.06 ± 0.36
   Base Reward:    mean 0.00 ± 0.00
   Action 1 fraction:    0.00

[1:09:29 INFO]: BEST test so far
[1:09:29 INFO]:    Steps:         16027
   Episode length: mean   62.61  min   18.00  max  228.00
   Reward:         mean 9.30 ± 0.31
   Base Reward:    mean 0.00 ± 0.00
   Action 1 fraction:    0.01

[1:11:03 INFO]: Iteration 400
[1:11:03 INFO]: Train 13107200 steps:
[1:11:11 INFO]: 
   Reward:      mean    8.34 ±    3.72
   Base Reward: mean    0.00 ±    0.00
   Loss:        pg_loss -0.0037  v_loss  1.6739  ent_loss -1.9091  loss  0.8142
   Others:      advantage  0.0000 ±  0.9999  value  6.8394 ±  2.5946
   Action 1 frac:    0.01
   Action prob:    0.25
[1:11:11 INFO]: Saved checkpoint to experiments/procgen_novice/last.ckpt
[1:11:11 INFO]: Evaluating on test split
[1:11:21 INFO]:    Steps:         17837
   Episode length: mean   69.68  min   18.00  max  214.00
   Reward:         mean 9.10 ± 0.35
   Base Reward:    mean 0.00 ± 0.00
   Action 1 fraction:    0.00

[1:11:21 INFO]: BEST test so far
[1:11:21 INFO]:    Steps:         16027
   Episode length: mean   62.61  min   18.00  max  228.00
   Reward:         mean 9.30 ± 0.31
   Base Reward:    mean 0.00 ± 0.00
   Action 1 fraction:    0.01

[1:13:00 INFO]: Iteration 410
[1:13:00 INFO]: Train 13434880 steps:
[1:13:09 INFO]: 
   Reward:      mean    8.36 ±    3.70
   Base Reward: mean    0.00 ±    0.00
   Loss:        pg_loss -0.0037  v_loss  1.6730  ent_loss -1.9038  loss  0.8138
   Others:      advantage  0.0000 ±  0.9999  value  6.8774 ±  2.5806
   Action 1 frac:    0.01
   Action prob:    0.25
[1:13:09 INFO]: Saved checkpoint to experiments/procgen_novice/last.ckpt
[1:13:09 INFO]: Evaluating on test split
[1:13:20 INFO]:    Steps:         18455
   Episode length: mean   72.09  min   18.00  max  256.00
   Reward:         mean 9.02 ± 0.36
   Base Reward:    mean 0.00 ± 0.00
   Action 1 fraction:    0.00

[1:13:20 INFO]: BEST test so far
[1:13:20 INFO]:    Steps:         16027
   Episode length: mean   62.61  min   18.00  max  228.00
   Reward:         mean 9.30 ± 0.31
   Base Reward:    mean 0.00 ± 0.00
   Action 1 fraction:    0.01

[1:14:52 INFO]: Iteration 420
[1:14:52 INFO]: Train 13762560 steps:
[1:15:01 INFO]: 
   Reward:      mean    8.38 ±    3.69
   Base Reward: mean    0.00 ±    0.00
   Loss:        pg_loss -0.0038  v_loss  1.6695  ent_loss -1.8999  loss  0.8120
   Others:      advantage  0.0000 ±  0.9999  value  6.9016 ±  2.5629
   Action 1 frac:    0.01
   Action prob:    0.25
[1:15:01 INFO]: Saved checkpoint to experiments/procgen_novice/last.ckpt
[1:15:01 INFO]: Evaluating on test split
[1:15:13 INFO]:    Steps:         17972
   Episode length: mean   70.20  min   18.00  max  256.00
   Reward:         mean 9.06 ± 0.36
   Base Reward:    mean 0.00 ± 0.00
   Action 1 fraction:    0.00

[1:15:13 INFO]: BEST test so far
[1:15:13 INFO]:    Steps:         16027
   Episode length: mean   62.61  min   18.00  max  228.00
   Reward:         mean 9.30 ± 0.31
   Base Reward:    mean 0.00 ± 0.00
   Action 1 fraction:    0.01

[1:16:44 INFO]: Iteration 430
[1:16:44 INFO]: Train 14090240 steps:
[1:16:53 INFO]: 
   Reward:      mean    8.39 ±    3.67
   Base Reward: mean    0.00 ±    0.00
   Loss:        pg_loss -0.0038  v_loss  1.6684  ent_loss -1.8950  loss  0.8115
   Others:      advantage  0.0000 ±  0.9999  value  6.9288 ±  2.5479
   Action 1 frac:    0.01
   Action prob:    0.26
[1:16:53 INFO]: Saved checkpoint to experiments/procgen_novice/last.ckpt
[1:16:53 INFO]: Evaluating on test split
[1:17:05 INFO]:    Steps:         17430
   Episode length: mean   68.09  min   18.00  max  247.00
   Reward:         mean 9.22 ± 0.33
   Base Reward:    mean 0.00 ± 0.00
   Action 1 fraction:    0.00

[1:17:05 INFO]: BEST test so far
[1:17:05 INFO]:    Steps:         16027
   Episode length: mean   62.61  min   18.00  max  228.00
   Reward:         mean 9.30 ± 0.31
   Base Reward:    mean 0.00 ± 0.00
   Action 1 fraction:    0.01

[1:18:38 INFO]: Iteration 440
[1:18:38 INFO]: Train 14417920 steps:
[1:18:47 INFO]: 
   Reward:      mean    8.41 ±    3.66
   Base Reward: mean    0.00 ±    0.00
   Loss:        pg_loss -0.0038  v_loss  1.6677  ent_loss -1.8898  loss  0.8112
   Others:      advantage  0.0000 ±  0.9999  value  6.9550 ±  2.5336
   Action 1 frac:    0.01
   Action prob:    0.26
[1:18:47 INFO]: Saved checkpoint to experiments/procgen_novice/last.ckpt
[1:18:47 INFO]: Evaluating on test split
[1:18:58 INFO]:    Steps:         17407
   Episode length: mean   68.00  min   18.00  max  256.00
   Reward:         mean 9.41 ± 0.29
   Base Reward:    mean 0.00 ± 0.00
   Action 1 fraction:    0.00

[1:18:58 INFO]: Saved checkpoint to experiments/procgen_novice/best_test.ckpt
[1:18:58 INFO]: BEST test so far
[1:18:58 INFO]:    Steps:         17407
   Episode length: mean   68.00  min   18.00  max  256.00
   Reward:         mean 9.41 ± 0.29
   Base Reward:    mean 0.00 ± 0.00
   Action 1 fraction:    0.00

[1:20:31 INFO]: Iteration 450
[1:20:31 INFO]: Train 14745600 steps:
[1:20:40 INFO]: 
   Reward:      mean    8.42 ±    3.65
   Base Reward: mean    0.00 ±    0.00
   Loss:        pg_loss -0.0038  v_loss  1.6667  ent_loss -1.8851  loss  0.8107
   Others:      advantage  0.0000 ±  0.9999  value  6.9791 ±  2.5200
   Action 1 frac:    0.01
   Action prob:    0.26
[1:20:40 INFO]: Saved checkpoint to experiments/procgen_novice/last.ckpt
[1:20:40 INFO]: Evaluating on test split
[1:20:50 INFO]:    Steps:         17373
   Episode length: mean   67.86  min   18.00  max  256.00
   Reward:         mean 9.18 ± 0.34
   Base Reward:    mean 0.00 ± 0.00
   Action 1 fraction:    0.00

[1:20:50 INFO]: BEST test so far
[1:20:50 INFO]:    Steps:         17407
   Episode length: mean   68.00  min   18.00  max  256.00
   Reward:         mean 9.41 ± 0.29
   Base Reward:    mean 0.00 ± 0.00
   Action 1 fraction:    0.00

